<?xml version="1.0" encoding="UTF-8" standalone="yes"?><!DOCTYPE report PUBLIC "-//JACOCO//DTD Report 1.0//EN" "report.dtd"><report name="cellbase-lib"><sessioninfo id="GEL-C02Z70D1L413-c9fbac26" start="1570436298905" dump="1570436340597"/><sessioninfo id="GEL-C02Z70D1L413-7e6f52a5" start="1570436470529" dump="1570436508556"/><sessioninfo id="GEL-C02Z70D1L413-94c39638" start="1570437269119" dump="1570437308745"/><package name="org/opencb/cellbase/lib/impl"><class name="org/opencb/cellbase/lib/impl/MongoDBAdaptorFactory"><method name="&lt;init&gt;" desc="(Lorg/opencb/cellbase/core/config/CellBaseConfiguration;)V" line="66"><counter type="INSTRUCTION" missed="0" covered="6"/><counter type="LINE" missed="0" covered="3"/><counter type="COMPLEXITY" missed="0" covered="1"/><counter type="METHOD" missed="0" covered="1"/></method><method name="init" desc="()V" line="72"><counter type="INSTRUCTION" missed="11" covered="65"/><counter type="BRANCH" missed="2" covered="4"/><counter type="LINE" missed="1" covered="10"/><counter type="COMPLEXITY" missed="2" covered="2"/><counter type="METHOD" missed="0" covered="1"/></method><method name="createMongoDBDatastore" desc="(Ljava/lang/String;Ljava/lang/String;)Lorg/opencb/commons/datastore/mongodb/MongoDataStore;" line="100"><counter type="INSTRUCTION" missed="86" covered="64"/><counter type="BRANCH" missed="5" covered="5"/><counter type="LINE" missed="12" covered="10"/><counter type="COMPLEXITY" missed="5" covered="1"/><counter type="METHOD" missed="0" covered="1"/></method><method name="createMongoDBDatastore" desc="(Ljava/lang/String;)Lorg/opencb/commons/datastore/mongodb/MongoDataStore;" line="135"><counter type="INSTRUCTION" missed="44" covered="110"/><counter type="BRANCH" missed="13" covered="7"/><counter type="LINE" missed="7" covered="25"/><counter type="COMPLEXITY" missed="10" covered="1"/><counter type="METHOD" missed="0" covered="1"/></method><method name="open" desc="(Ljava/lang/String;Ljava/lang/String;)V" line="194"><counter type="INSTRUCTION" missed="1" covered="0"/><counter type="LINE" missed="1" covered="0"/><counter type="COMPLEXITY" missed="1" covered="0"/><counter type="METHOD" missed="1" covered="0"/></method><method name="close" desc="()V" line="198"><counter type="INSTRUCTION" missed="4" covered="0"/><counter type="LINE" missed="2" covered="0"/><counter type="COMPLEXITY" missed="1" covered="0"/><counter type="METHOD" missed="1" covered="0"/></method><method name="getDatabaseStatus" desc="(Ljava/lang/String;Ljava/lang/String;)Ljava/util/Map;" line="204"><counter type="INSTRUCTION" missed="24" covered="0"/><counter type="BRANCH" missed="2" covered="0"/><counter type="LINE" missed="7" covered="0"/><counter type="COMPLEXITY" missed="2" covered="0"/><counter type="METHOD" missed="1" covered="0"/></method><method name="getSingleMachineDBStatus" desc="(Lorg/opencb/commons/datastore/mongodb/MongoDataStore;Ljava/lang/String;Ljava/lang/String;)Ljava/util/Map;" line="222"><counter type="INSTRUCTION" missed="28" covered="0"/><counter type="LINE" missed="6" covered="0"/><counter type="COMPLEXITY" missed="1" covered="0"/><counter type="METHOD" missed="1" covered="0"/></method><method name="getReplSetStatus" desc="(Ljava/lang/String;Ljava/lang/String;)Ljava/util/Map;" line="234"><counter type="INSTRUCTION" missed="90" covered="0"/><counter type="BRANCH" missed="4" covered="0"/><counter type="LINE" missed="19" covered="0"/><counter type="COMPLEXITY" missed="3" covered="0"/><counter type="METHOD" missed="1" covered="0"/></method><method name="getQueryResponseTime" desc="(Ljava/lang/String;Ljava/lang/String;)Ljava/lang/String;" line="265"><counter type="INSTRUCTION" missed="29" covered="0"/><counter type="BRANCH" missed="2" covered="0"/><counter type="LINE" missed="8" covered="0"/><counter type="COMPLEXITY" missed="2" covered="0"/><counter type="METHOD" missed="1" covered="0"/></method><method name="getPingResponseTime" desc="(Ljava/lang/String;)Ljava/lang/String;" line="282"><counter type="INSTRUCTION" missed="38" covered="0"/><counter type="BRANCH" missed="2" covered="0"/><counter type="LINE" missed="12" covered="0"/><counter type="COMPLEXITY" missed="2" covered="0"/><counter type="METHOD" missed="1" covered="0"/></method><method name="getGenomeDBAdaptor" desc="(Ljava/lang/String;)Lorg/opencb/cellbase/core/api/GenomeDBAdaptor;" line="300"><counter type="INSTRUCTION" missed="5" covered="0"/><counter type="LINE" missed="1" covered="0"/><counter type="COMPLEXITY" missed="1" covered="0"/><counter type="METHOD" missed="1" covered="0"/></method><method name="getGenomeDBAdaptor" desc="(Ljava/lang/String;Ljava/lang/String;)Lorg/opencb/cellbase/core/api/GenomeDBAdaptor;" line="305"><counter type="INSTRUCTION" missed="0" covered="12"/><counter type="LINE" missed="0" covered="2"/><counter type="COMPLEXITY" missed="0" covered="1"/><counter type="METHOD" missed="0" covered="1"/></method><method name="getMetaDBAdaptor" desc="(Ljava/lang/String;)Lorg/opencb/cellbase/core/api/CellBaseDBAdaptor;" line="311"><counter type="INSTRUCTION" missed="5" covered="0"/><counter type="LINE" missed="1" covered="0"/><counter type="COMPLEXITY" missed="1" covered="0"/><counter type="METHOD" missed="1" covered="0"/></method><method name="getMetaDBAdaptor" desc="(Ljava/lang/String;Ljava/lang/String;)Lorg/opencb/cellbase/core/api/CellBaseDBAdaptor;" line="316"><counter type="INSTRUCTION" missed="12" covered="0"/><counter type="LINE" missed="2" covered="0"/><counter type="COMPLEXITY" missed="1" covered="0"/><counter type="METHOD" missed="1" covered="0"/></method><method name="getGeneDBAdaptor" desc="(Ljava/lang/String;)Lorg/opencb/cellbase/core/api/GeneDBAdaptor;" line="322"><counter type="INSTRUCTION" missed="5" covered="0"/><counter type="LINE" missed="1" covered="0"/><counter type="COMPLEXITY" missed="1" covered="0"/><counter type="METHOD" missed="1" covered="0"/></method><method name="getGeneDBAdaptor" desc="(Ljava/lang/String;Ljava/lang/String;)Lorg/opencb/cellbase/core/api/GeneDBAdaptor;" line="327"><counter type="INSTRUCTION" missed="0" covered="14"/><counter type="LINE" missed="0" covered="3"/><counter type="COMPLEXITY" missed="0" covered="1"/><counter type="METHOD" missed="0" covered="1"/></method><method name="getTranscriptDBAdaptor" desc="(Ljava/lang/String;)Lorg/opencb/cellbase/core/api/TranscriptDBAdaptor;" line="336"><counter type="INSTRUCTION" missed="5" covered="0"/><counter type="LINE" missed="1" covered="0"/><counter type="COMPLEXITY" missed="1" covered="0"/><counter type="METHOD" missed="1" covered="0"/></method><method name="getTranscriptDBAdaptor" desc="(Ljava/lang/String;Ljava/lang/String;)Lorg/opencb/cellbase/core/api/TranscriptDBAdaptor;" line="341"><counter type="INSTRUCTION" missed="0" covered="12"/><counter type="LINE" missed="0" covered="2"/><counter type="COMPLEXITY" missed="0" covered="1"/><counter type="METHOD" missed="0" covered="1"/></method><method name="getConservationDBAdaptor" desc="(Ljava/lang/String;)Lorg/opencb/cellbase/core/api/ConservationDBAdaptor;" line="348"><counter type="INSTRUCTION" missed="5" covered="0"/><counter type="LINE" missed="1" covered="0"/><counter type="COMPLEXITY" missed="1" covered="0"/><counter type="METHOD" missed="1" covered="0"/></method><method name="getConservationDBAdaptor" desc="(Ljava/lang/String;Ljava/lang/String;)Lorg/opencb/cellbase/core/api/ConservationDBAdaptor;" line="353"><counter type="INSTRUCTION" missed="0" covered="12"/><counter type="LINE" missed="0" covered="2"/><counter type="COMPLEXITY" missed="0" covered="1"/><counter type="METHOD" missed="0" covered="1"/></method><method name="getXRefDBAdaptor" desc="(Ljava/lang/String;)Lorg/opencb/cellbase/core/api/XRefDBAdaptor;" line="360"><counter type="INSTRUCTION" missed="5" covered="0"/><counter type="LINE" missed="1" covered="0"/><counter type="COMPLEXITY" missed="1" covered="0"/><counter type="METHOD" missed="1" covered="0"/></method><method name="getXRefDBAdaptor" desc="(Ljava/lang/String;Ljava/lang/String;)Lorg/opencb/cellbase/core/api/XRefDBAdaptor;" line="365"><counter type="INSTRUCTION" missed="0" covered="12"/><counter type="LINE" missed="0" covered="2"/><counter type="COMPLEXITY" missed="0" covered="1"/><counter type="METHOD" missed="0" covered="1"/></method><method name="getVariationDBAdaptor" desc="(Ljava/lang/String;)Lorg/opencb/cellbase/core/api/VariantDBAdaptor;" line="372"><counter type="INSTRUCTION" missed="5" covered="0"/><counter type="LINE" missed="1" covered="0"/><counter type="COMPLEXITY" missed="1" covered="0"/><counter type="METHOD" missed="1" covered="0"/></method><method name="getVariationDBAdaptor" desc="(Ljava/lang/String;Ljava/lang/String;)Lorg/opencb/cellbase/core/api/VariantDBAdaptor;" line="377"><counter type="INSTRUCTION" missed="0" covered="12"/><counter type="LINE" missed="0" covered="2"/><counter type="COMPLEXITY" missed="0" covered="1"/><counter type="METHOD" missed="0" covered="1"/></method><method name="getClinicalLegacyDBAdaptor" desc="(Ljava/lang/String;)Lorg/opencb/cellbase/core/api/ClinicalDBAdaptor;" line="407"><counter type="INSTRUCTION" missed="5" covered="0"/><counter type="LINE" missed="1" covered="0"/><counter type="COMPLEXITY" missed="1" covered="0"/><counter type="METHOD" missed="1" covered="0"/></method><method name="getClinicalLegacyDBAdaptor" desc="(Ljava/lang/String;Ljava/lang/String;)Lorg/opencb/cellbase/core/api/ClinicalDBAdaptor;" line="412"><counter type="INSTRUCTION" missed="12" covered="0"/><counter type="LINE" missed="2" covered="0"/><counter type="COMPLEXITY" missed="1" covered="0"/><counter type="METHOD" missed="1" covered="0"/></method><method name="getClinicalDBAdaptor" desc="(Ljava/lang/String;)Lorg/opencb/cellbase/core/api/ClinicalDBAdaptor;" line="418"><counter type="INSTRUCTION" missed="5" covered="0"/><counter type="LINE" missed="1" covered="0"/><counter type="COMPLEXITY" missed="1" covered="0"/><counter type="METHOD" missed="1" covered="0"/></method><method name="getClinicalDBAdaptor" desc="(Ljava/lang/String;Ljava/lang/String;)Lorg/opencb/cellbase/core/api/ClinicalDBAdaptor;" line="423"><counter type="INSTRUCTION" missed="0" covered="12"/><counter type="LINE" missed="0" covered="2"/><counter type="COMPLEXITY" missed="0" covered="1"/><counter type="METHOD" missed="0" covered="1"/></method><method name="getRepeatsDBAdaptor" desc="(Ljava/lang/String;Ljava/lang/String;)Lorg/opencb/cellbase/core/api/RepeatsDBAdaptor;" line="429"><counter type="INSTRUCTION" missed="0" covered="12"/><counter type="LINE" missed="0" covered="2"/><counter type="COMPLEXITY" missed="0" covered="1"/><counter type="METHOD" missed="0" covered="1"/></method><method name="getProteinDBAdaptor" desc="(Ljava/lang/String;)Lorg/opencb/cellbase/core/api/ProteinDBAdaptor;" line="462"><counter type="INSTRUCTION" missed="5" covered="0"/><counter type="LINE" missed="1" covered="0"/><counter type="COMPLEXITY" missed="1" covered="0"/><counter type="METHOD" missed="1" covered="0"/></method><method name="getProteinDBAdaptor" desc="(Ljava/lang/String;Ljava/lang/String;)Lorg/opencb/cellbase/core/api/ProteinDBAdaptor;" line="467"><counter type="INSTRUCTION" missed="0" covered="12"/><counter type="LINE" missed="0" covered="2"/><counter type="COMPLEXITY" missed="0" covered="1"/><counter type="METHOD" missed="0" covered="1"/></method><method name="getProteinProteinInteractionDBAdaptor" desc="(Ljava/lang/String;)Lorg/opencb/cellbase/core/api/ProteinProteinInteractionDBAdaptor;" line="474"><counter type="INSTRUCTION" missed="5" covered="0"/><counter type="LINE" missed="1" covered="0"/><counter type="COMPLEXITY" missed="1" covered="0"/><counter type="METHOD" missed="1" covered="0"/></method><method name="getProteinProteinInteractionDBAdaptor" desc="(Ljava/lang/String;Ljava/lang/String;)Lorg/opencb/cellbase/core/api/ProteinProteinInteractionDBAdaptor;" line="479"><counter type="INSTRUCTION" missed="12" covered="0"/><counter type="LINE" missed="2" covered="0"/><counter type="COMPLEXITY" missed="1" covered="0"/><counter type="METHOD" missed="1" covered="0"/></method><method name="getRegulationDBAdaptor" desc="(Ljava/lang/String;)Lorg/opencb/cellbase/core/api/RegulationDBAdaptor;" line="486"><counter type="INSTRUCTION" missed="5" covered="0"/><counter type="LINE" missed="1" covered="0"/><counter type="COMPLEXITY" missed="1" covered="0"/><counter type="METHOD" missed="1" covered="0"/></method><method name="getRegulationDBAdaptor" desc="(Ljava/lang/String;Ljava/lang/String;)Lorg/opencb/cellbase/core/api/RegulationDBAdaptor;" line="491"><counter type="INSTRUCTION" missed="0" covered="12"/><counter type="LINE" missed="0" covered="2"/><counter type="COMPLEXITY" missed="0" covered="1"/><counter type="METHOD" missed="0" covered="1"/></method><method name="lambda$createMongoDBDatastore$3" desc="(Lorg/opencb/cellbase/core/config/Species;)Ljava/lang/String;" line="129"><counter type="INSTRUCTION" missed="13" covered="0"/><counter type="LINE" missed="1" covered="0"/><counter type="COMPLEXITY" missed="1" covered="0"/><counter type="METHOD" missed="1" covered="0"/></method><method name="lambda$createMongoDBDatastore$2" desc="(Lorg/opencb/cellbase/core/config/Species;)Ljava/lang/String;" line="124"><counter type="INSTRUCTION" missed="13" covered="0"/><counter type="LINE" missed="1" covered="0"/><counter type="COMPLEXITY" missed="1" covered="0"/><counter type="METHOD" missed="1" covered="0"/></method><method name="lambda$createMongoDBDatastore$1" desc="(Lorg/opencb/cellbase/core/config/Species$Assembly;)Ljava/lang/String;" line="119"><counter type="INSTRUCTION" missed="3" covered="0"/><counter type="LINE" missed="1" covered="0"/><counter type="COMPLEXITY" missed="1" covered="0"/><counter type="METHOD" missed="1" covered="0"/></method><method name="lambda$createMongoDBDatastore$0" desc="(Lorg/opencb/cellbase/core/config/Species$Assembly;)Ljava/lang/String;" line="115"><counter type="INSTRUCTION" missed="3" covered="0"/><counter type="LINE" missed="1" covered="0"/><counter type="COMPLEXITY" missed="1" covered="0"/><counter type="METHOD" missed="1" covered="0"/></method><method name="&lt;clinit&gt;" desc="()V" line="62"><counter type="INSTRUCTION" missed="0" covered="5"/><counter type="LINE" missed="0" covered="1"/><counter type="COMPLEXITY" missed="0" covered="1"/><counter type="METHOD" missed="0" covered="1"/></method><counter type="INSTRUCTION" missed="483" covered="372"/><counter type="BRANCH" missed="30" covered="16"/><counter type="LINE" missed="95" covered="70"/><counter type="COMPLEXITY" missed="48" covered="16"/><counter type="METHOD" missed="26" covered="15"/><counter type="CLASS" missed="0" covered="1"/></class><class name="org/opencb/cellbase/lib/impl/GenomeMongoDBAdaptor"><method name="&lt;init&gt;" desc="(Ljava/lang/String;Ljava/lang/String;Lorg/opencb/commons/datastore/mongodb/MongoDataStore;)V" line="53"><counter type="INSTRUCTION" missed="0" covered="28"/><counter type="LINE" missed="0" covered="7"/><counter type="COMPLEXITY" missed="0" covered="1"/><counter type="METHOD" missed="0" covered="1"/></method><method name="getGenomeInfo" desc="(Lorg/opencb/commons/datastore/core/QueryOptions;)Lorg/opencb/commons/datastore/core/QueryResult;" line="67"><counter type="INSTRUCTION" missed="8" covered="0"/><counter type="LINE" missed="1" covered="0"/><counter type="COMPLEXITY" missed="1" covered="0"/><counter type="METHOD" missed="1" covered="0"/></method><method name="getChromosomeInfo" desc="(Ljava/lang/String;Lorg/opencb/commons/datastore/core/QueryOptions;)Lorg/opencb/commons/datastore/core/QueryResult;" line="73"><counter type="INSTRUCTION" missed="8" covered="29"/><counter type="BRANCH" missed="1" covered="1"/><counter type="LINE" missed="1" covered="4"/><counter type="COMPLEXITY" missed="1" covered="1"/><counter type="METHOD" missed="0" covered="1"/></method><method name="getCytobands" desc="(Lorg/opencb/biodata/models/core/Region;Lorg/opencb/commons/datastore/core/QueryOptions;)Lorg/opencb/commons/datastore/core/QueryResult;" line="85"><counter type="INSTRUCTION" missed="0" covered="106"/><counter type="BRANCH" missed="1" covered="7"/><counter type="LINE" missed="0" covered="18"/><counter type="COMPLEXITY" missed="1" covered="4"/><counter type="METHOD" missed="0" covered="1"/></method><method name="getOneChromosomeInfo" desc="(Ljava/lang/String;)Lorg/bson/Document;" line="112"><counter type="INSTRUCTION" missed="2" covered="27"/><counter type="BRANCH" missed="2" covered="4"/><counter type="LINE" missed="1" covered="6"/><counter type="COMPLEXITY" missed="2" covered="2"/><counter type="METHOD" missed="0" covered="1"/></method><method name="getGenomeInfoVariable" desc="()Lorg/bson/Document;" line="124"><counter type="INSTRUCTION" missed="0" covered="51"/><counter type="BRANCH" missed="1" covered="5"/><counter type="LINE" missed="0" covered="9"/><counter type="COMPLEXITY" missed="1" covered="3"/><counter type="METHOD" missed="0" covered="1"/></method><method name="getGenomicSequence" desc="(Lorg/opencb/commons/datastore/core/Query;Lorg/opencb/commons/datastore/core/QueryOptions;)Lorg/opencb/commons/datastore/core/QueryResult;" line="171"><counter type="INSTRUCTION" missed="0" covered="9"/><counter type="LINE" missed="0" covered="1"/><counter type="COMPLEXITY" missed="0" covered="1"/><counter type="METHOD" missed="0" covered="1"/></method><method name="getSequence" desc="(Lorg/opencb/biodata/models/core/Region;Lorg/opencb/commons/datastore/core/QueryOptions;)Lorg/opencb/commons/datastore/core/QueryResult;" line="176"><counter type="INSTRUCTION" missed="6" covered="138"/><counter type="BRANCH" missed="4" covered="10"/><counter type="LINE" missed="2" covered="24"/><counter type="COMPLEXITY" missed="4" covered="4"/><counter type="METHOD" missed="0" covered="1"/></method><method name="getConservation" desc="(Ljava/util/List;Lorg/opencb/commons/datastore/core/QueryOptions;)Ljava/util/List;" line="225"><counter type="INSTRUCTION" missed="317" covered="0"/><counter type="BRANCH" missed="26" covered="0"/><counter type="LINE" missed="53" covered="0"/><counter type="COMPLEXITY" missed="14" covered="0"/><counter type="METHOD" missed="1" covered="0"/></method><method name="update" desc="(Ljava/util/List;Ljava/lang/String;[Ljava/lang/String;)Lorg/opencb/commons/datastore/core/QueryResult;" line="331"><counter type="INSTRUCTION" missed="2" covered="0"/><counter type="LINE" missed="1" covered="0"/><counter type="COMPLEXITY" missed="1" covered="0"/><counter type="METHOD" missed="1" covered="0"/></method><method name="count" desc="(Lorg/opencb/commons/datastore/core/Query;)Lorg/opencb/commons/datastore/core/QueryResult;" line="336"><counter type="INSTRUCTION" missed="9" covered="0"/><counter type="LINE" missed="2" covered="0"/><counter type="COMPLEXITY" missed="1" covered="0"/><counter type="METHOD" missed="1" covered="0"/></method><method name="distinct" desc="(Lorg/opencb/commons/datastore/core/Query;Ljava/lang/String;)Lorg/opencb/commons/datastore/core/QueryResult;" line="342"><counter type="INSTRUCTION" missed="10" covered="0"/><counter type="LINE" missed="2" covered="0"/><counter type="COMPLEXITY" missed="1" covered="0"/><counter type="METHOD" missed="1" covered="0"/></method><method name="stats" desc="(Lorg/opencb/commons/datastore/core/Query;)Lorg/opencb/commons/datastore/core/QueryResult;" line="348"><counter type="INSTRUCTION" missed="2" covered="0"/><counter type="LINE" missed="1" covered="0"/><counter type="COMPLEXITY" missed="1" covered="0"/><counter type="METHOD" missed="1" covered="0"/></method><method name="get" desc="(Lorg/opencb/commons/datastore/core/Query;Lorg/opencb/commons/datastore/core/QueryOptions;)Lorg/opencb/commons/datastore/core/QueryResult;" line="353"><counter type="INSTRUCTION" missed="2" covered="0"/><counter type="LINE" missed="1" covered="0"/><counter type="COMPLEXITY" missed="1" covered="0"/><counter type="METHOD" missed="1" covered="0"/></method><method name="nativeGet" desc="(Lorg/opencb/commons/datastore/core/Query;Lorg/opencb/commons/datastore/core/QueryOptions;)Lorg/opencb/commons/datastore/core/QueryResult;" line="358"><counter type="INSTRUCTION" missed="0" covered="19"/><counter type="LINE" missed="0" covered="3"/><counter type="COMPLEXITY" missed="0" covered="1"/><counter type="METHOD" missed="0" covered="1"/></method><method name="iterator" desc="(Lorg/opencb/commons/datastore/core/Query;Lorg/opencb/commons/datastore/core/QueryOptions;)Ljava/util/Iterator;" line="365"><counter type="INSTRUCTION" missed="2" covered="0"/><counter type="LINE" missed="1" covered="0"/><counter type="COMPLEXITY" missed="1" covered="0"/><counter type="METHOD" missed="1" covered="0"/></method><method name="nativeIterator" desc="(Lorg/opencb/commons/datastore/core/Query;Lorg/opencb/commons/datastore/core/QueryOptions;)Ljava/util/Iterator;" line="370"><counter type="INSTRUCTION" missed="12" covered="0"/><counter type="LINE" missed="2" covered="0"/><counter type="COMPLEXITY" missed="1" covered="0"/><counter type="METHOD" missed="1" covered="0"/></method><method name="rank" desc="(Lorg/opencb/commons/datastore/core/Query;Ljava/lang/String;IZ)Lorg/opencb/commons/datastore/core/QueryResult;" line="376"><counter type="INSTRUCTION" missed="2" covered="0"/><counter type="LINE" missed="1" covered="0"/><counter type="COMPLEXITY" missed="1" covered="0"/><counter type="METHOD" missed="1" covered="0"/></method><method name="groupBy" desc="(Lorg/opencb/commons/datastore/core/Query;Ljava/lang/String;Lorg/opencb/commons/datastore/core/QueryOptions;)Lorg/opencb/commons/datastore/core/QueryResult;" line="381"><counter type="INSTRUCTION" missed="2" covered="0"/><counter type="LINE" missed="1" covered="0"/><counter type="COMPLEXITY" missed="1" covered="0"/><counter type="METHOD" missed="1" covered="0"/></method><method name="groupBy" desc="(Lorg/opencb/commons/datastore/core/Query;Ljava/util/List;Lorg/opencb/commons/datastore/core/QueryOptions;)Lorg/opencb/commons/datastore/core/QueryResult;" line="386"><counter type="INSTRUCTION" missed="2" covered="0"/><counter type="LINE" missed="1" covered="0"/><counter type="COMPLEXITY" missed="1" covered="0"/><counter type="METHOD" missed="1" covered="0"/></method><method name="forEach" desc="(Lorg/opencb/commons/datastore/core/Query;Ljava/util/function/Consumer;Lorg/opencb/commons/datastore/core/QueryOptions;)V" line="392"><counter type="INSTRUCTION" missed="1" covered="0"/><counter type="LINE" missed="1" covered="0"/><counter type="COMPLEXITY" missed="1" covered="0"/><counter type="METHOD" missed="1" covered="0"/></method><method name="parseQuery" desc="(Lorg/opencb/commons/datastore/core/Query;)Lorg/bson/conversions/Bson;" line="395"><counter type="INSTRUCTION" missed="4" covered="17"/><counter type="BRANCH" missed="1" covered="1"/><counter type="LINE" missed="1" covered="4"/><counter type="COMPLEXITY" missed="1" covered="1"/><counter type="METHOD" missed="0" covered="1"/></method><method name="lambda$getGenomeInfoVariable$0" desc="(Lorg/bson/Document;Lorg/bson/Document;)I" line="130"><counter type="INSTRUCTION" missed="0" covered="12"/><counter type="LINE" missed="0" covered="1"/><counter type="COMPLEXITY" missed="0" covered="1"/><counter type="METHOD" missed="0" covered="1"/></method><method name="&lt;clinit&gt;" desc="()V" line="47"><counter type="INSTRUCTION" missed="0" covered="7"/><counter type="LINE" missed="0" covered="3"/><counter type="COMPLEXITY" missed="0" covered="1"/><counter type="METHOD" missed="0" covered="1"/></method><counter type="INSTRUCTION" missed="391" covered="443"/><counter type="BRANCH" missed="36" covered="28"/><counter type="LINE" missed="73" covered="79"/><counter type="COMPLEXITY" missed="36" covered="20"/><counter type="METHOD" missed="13" covered="11"/><counter type="CLASS" missed="0" covered="1"/></class><class name="org/opencb/cellbase/lib/impl/ProteinProteinInteractionMongoDBAdaptor"><method name="&lt;init&gt;" desc="(Ljava/lang/String;Ljava/lang/String;Lorg/opencb/commons/datastore/mongodb/MongoDataStore;)V" line="41"><counter type="INSTRUCTION" missed="15" covered="0"/><counter type="LINE" missed="4" covered="0"/><counter type="COMPLEXITY" missed="1" covered="0"/><counter type="METHOD" missed="1" covered="0"/></method><method name="rank" desc="(Lorg/opencb/commons/datastore/core/Query;Ljava/lang/String;IZ)Lorg/opencb/commons/datastore/core/QueryResult;" line="49"><counter type="INSTRUCTION" missed="2" covered="0"/><counter type="LINE" missed="1" covered="0"/><counter type="COMPLEXITY" missed="1" covered="0"/><counter type="METHOD" missed="1" covered="0"/></method><method name="groupBy" desc="(Lorg/opencb/commons/datastore/core/Query;Ljava/lang/String;Lorg/opencb/commons/datastore/core/QueryOptions;)Lorg/opencb/commons/datastore/core/QueryResult;" line="54"><counter type="INSTRUCTION" missed="9" covered="0"/><counter type="LINE" missed="1" covered="0"/><counter type="COMPLEXITY" missed="1" covered="0"/><counter type="METHOD" missed="1" covered="0"/></method><method name="groupBy" desc="(Lorg/opencb/commons/datastore/core/Query;Ljava/util/List;Lorg/opencb/commons/datastore/core/QueryOptions;)Lorg/opencb/commons/datastore/core/QueryResult;" line="59"><counter type="INSTRUCTION" missed="9" covered="0"/><counter type="LINE" missed="1" covered="0"/><counter type="COMPLEXITY" missed="1" covered="0"/><counter type="METHOD" missed="1" covered="0"/></method><method name="update" desc="(Ljava/util/List;Ljava/lang/String;[Ljava/lang/String;)Lorg/opencb/commons/datastore/core/QueryResult;" line="64"><counter type="INSTRUCTION" missed="2" covered="0"/><counter type="LINE" missed="1" covered="0"/><counter type="COMPLEXITY" missed="1" covered="0"/><counter type="METHOD" missed="1" covered="0"/></method><method name="count" desc="(Lorg/opencb/commons/datastore/core/Query;)Lorg/opencb/commons/datastore/core/QueryResult;" line="69"><counter type="INSTRUCTION" missed="7" covered="0"/><counter type="LINE" missed="1" covered="0"/><counter type="COMPLEXITY" missed="1" covered="0"/><counter type="METHOD" missed="1" covered="0"/></method><method name="distinct" desc="(Lorg/opencb/commons/datastore/core/Query;Ljava/lang/String;)Lorg/opencb/commons/datastore/core/QueryResult;" line="74"><counter type="INSTRUCTION" missed="8" covered="0"/><counter type="LINE" missed="1" covered="0"/><counter type="COMPLEXITY" missed="1" covered="0"/><counter type="METHOD" missed="1" covered="0"/></method><method name="stats" desc="(Lorg/opencb/commons/datastore/core/Query;)Lorg/opencb/commons/datastore/core/QueryResult;" line="79"><counter type="INSTRUCTION" missed="2" covered="0"/><counter type="LINE" missed="1" covered="0"/><counter type="COMPLEXITY" missed="1" covered="0"/><counter type="METHOD" missed="1" covered="0"/></method><method name="get" desc="(Lorg/opencb/commons/datastore/core/Query;Lorg/opencb/commons/datastore/core/QueryOptions;)Lorg/opencb/commons/datastore/core/QueryResult;" line="84"><counter type="INSTRUCTION" missed="2" covered="0"/><counter type="LINE" missed="1" covered="0"/><counter type="COMPLEXITY" missed="1" covered="0"/><counter type="METHOD" missed="1" covered="0"/></method><method name="nativeGet" desc="(Lorg/opencb/commons/datastore/core/Query;Lorg/opencb/commons/datastore/core/QueryOptions;)Lorg/opencb/commons/datastore/core/QueryResult;" line="89"><counter type="INSTRUCTION" missed="8" covered="0"/><counter type="LINE" missed="1" covered="0"/><counter type="COMPLEXITY" missed="1" covered="0"/><counter type="METHOD" missed="1" covered="0"/></method><method name="iterator" desc="(Lorg/opencb/commons/datastore/core/Query;Lorg/opencb/commons/datastore/core/QueryOptions;)Ljava/util/Iterator;" line="94"><counter type="INSTRUCTION" missed="2" covered="0"/><counter type="LINE" missed="1" covered="0"/><counter type="COMPLEXITY" missed="1" covered="0"/><counter type="METHOD" missed="1" covered="0"/></method><method name="nativeIterator" desc="(Lorg/opencb/commons/datastore/core/Query;Lorg/opencb/commons/datastore/core/QueryOptions;)Ljava/util/Iterator;" line="99"><counter type="INSTRUCTION" missed="10" covered="0"/><counter type="LINE" missed="1" covered="0"/><counter type="COMPLEXITY" missed="1" covered="0"/><counter type="METHOD" missed="1" covered="0"/></method><method name="forEach" desc="(Lorg/opencb/commons/datastore/core/Query;Ljava/util/function/Consumer;Lorg/opencb/commons/datastore/core/QueryOptions;)V" line="105"><counter type="INSTRUCTION" missed="1" covered="0"/><counter type="LINE" missed="1" covered="0"/><counter type="COMPLEXITY" missed="1" covered="0"/><counter type="METHOD" missed="1" covered="0"/></method><method name="parseQuery" desc="(Lorg/opencb/commons/datastore/core/Query;)Lorg/bson/conversions/Bson;" line="108"><counter type="INSTRUCTION" missed="70" covered="0"/><counter type="BRANCH" missed="2" covered="0"/><counter type="LINE" missed="13" covered="0"/><counter type="COMPLEXITY" missed="2" covered="0"/><counter type="METHOD" missed="1" covered="0"/></method><counter type="INSTRUCTION" missed="147" covered="0"/><counter type="BRANCH" missed="2" covered="0"/><counter type="LINE" missed="29" covered="0"/><counter type="COMPLEXITY" missed="15" covered="0"/><counter type="METHOD" missed="14" covered="0"/><counter type="CLASS" missed="1" covered="0"/></class><class name="org/opencb/cellbase/lib/impl/MongoDBAdaptor$1"><method name="&lt;clinit&gt;" desc="()V" line="188"><counter type="INSTRUCTION" missed="1" covered="11"/><counter type="LINE" missed="0" covered="1"/><counter type="COMPLEXITY" missed="0" covered="1"/><counter type="METHOD" missed="0" covered="1"/></method><counter type="INSTRUCTION" missed="1" covered="11"/><counter type="LINE" missed="0" covered="1"/><counter type="COMPLEXITY" missed="0" covered="1"/><counter type="METHOD" missed="0" covered="1"/><counter type="CLASS" missed="0" covered="1"/></class><class name="org/opencb/cellbase/lib/impl/ConservationMongoDBAdaptor"><method name="&lt;init&gt;" desc="(Ljava/lang/String;Ljava/lang/String;Lorg/opencb/commons/datastore/mongodb/MongoDataStore;)V" line="44"><counter type="INSTRUCTION" missed="0" covered="15"/><counter type="LINE" missed="0" covered="4"/><counter type="COMPLEXITY" missed="0" covered="1"/><counter type="METHOD" missed="0" covered="1"/></method><method name="update" desc="(Ljava/util/List;Ljava/lang/String;[Ljava/lang/String;)Lorg/opencb/commons/datastore/core/QueryResult;" line="52"><counter type="INSTRUCTION" missed="2" covered="0"/><counter type="LINE" missed="1" covered="0"/><counter type="COMPLEXITY" missed="1" covered="0"/><counter type="METHOD" missed="1" covered="0"/></method><method name="count" desc="(Lorg/opencb/commons/datastore/core/Query;)Lorg/opencb/commons/datastore/core/QueryResult;" line="57"><counter type="INSTRUCTION" missed="9" covered="0"/><counter type="LINE" missed="2" covered="0"/><counter type="COMPLEXITY" missed="1" covered="0"/><counter type="METHOD" missed="1" covered="0"/></method><method name="distinct" desc="(Lorg/opencb/commons/datastore/core/Query;Ljava/lang/String;)Lorg/opencb/commons/datastore/core/QueryResult;" line="63"><counter type="INSTRUCTION" missed="10" covered="0"/><counter type="LINE" missed="2" covered="0"/><counter type="COMPLEXITY" missed="1" covered="0"/><counter type="METHOD" missed="1" covered="0"/></method><method name="stats" desc="(Lorg/opencb/commons/datastore/core/Query;)Lorg/opencb/commons/datastore/core/QueryResult;" line="69"><counter type="INSTRUCTION" missed="2" covered="0"/><counter type="LINE" missed="1" covered="0"/><counter type="COMPLEXITY" missed="1" covered="0"/><counter type="METHOD" missed="1" covered="0"/></method><method name="get" desc="(Lorg/opencb/commons/datastore/core/Query;Lorg/opencb/commons/datastore/core/QueryOptions;)Lorg/opencb/commons/datastore/core/QueryResult;" line="74"><counter type="INSTRUCTION" missed="2" covered="0"/><counter type="LINE" missed="1" covered="0"/><counter type="COMPLEXITY" missed="1" covered="0"/><counter type="METHOD" missed="1" covered="0"/></method><method name="nativeGet" desc="(Lorg/opencb/commons/datastore/core/Query;Lorg/opencb/commons/datastore/core/QueryOptions;)Lorg/opencb/commons/datastore/core/QueryResult;" line="79"><counter type="INSTRUCTION" missed="10" covered="0"/><counter type="LINE" missed="2" covered="0"/><counter type="COMPLEXITY" missed="1" covered="0"/><counter type="METHOD" missed="1" covered="0"/></method><method name="iterator" desc="(Lorg/opencb/commons/datastore/core/Query;Lorg/opencb/commons/datastore/core/QueryOptions;)Ljava/util/Iterator;" line="85"><counter type="INSTRUCTION" missed="2" covered="0"/><counter type="LINE" missed="1" covered="0"/><counter type="COMPLEXITY" missed="1" covered="0"/><counter type="METHOD" missed="1" covered="0"/></method><method name="nativeIterator" desc="(Lorg/opencb/commons/datastore/core/Query;Lorg/opencb/commons/datastore/core/QueryOptions;)Ljava/util/Iterator;" line="90"><counter type="INSTRUCTION" missed="12" covered="0"/><counter type="LINE" missed="2" covered="0"/><counter type="COMPLEXITY" missed="1" covered="0"/><counter type="METHOD" missed="1" covered="0"/></method><method name="rank" desc="(Lorg/opencb/commons/datastore/core/Query;Ljava/lang/String;IZ)Lorg/opencb/commons/datastore/core/QueryResult;" line="96"><counter type="INSTRUCTION" missed="2" covered="0"/><counter type="LINE" missed="1" covered="0"/><counter type="COMPLEXITY" missed="1" covered="0"/><counter type="METHOD" missed="1" covered="0"/></method><method name="groupBy" desc="(Lorg/opencb/commons/datastore/core/Query;Ljava/lang/String;Lorg/opencb/commons/datastore/core/QueryOptions;)Lorg/opencb/commons/datastore/core/QueryResult;" line="101"><counter type="INSTRUCTION" missed="2" covered="0"/><counter type="LINE" missed="1" covered="0"/><counter type="COMPLEXITY" missed="1" covered="0"/><counter type="METHOD" missed="1" covered="0"/></method><method name="groupBy" desc="(Lorg/opencb/commons/datastore/core/Query;Ljava/util/List;Lorg/opencb/commons/datastore/core/QueryOptions;)Lorg/opencb/commons/datastore/core/QueryResult;" line="106"><counter type="INSTRUCTION" missed="2" covered="0"/><counter type="LINE" missed="1" covered="0"/><counter type="COMPLEXITY" missed="1" covered="0"/><counter type="METHOD" missed="1" covered="0"/></method><method name="forEach" desc="(Lorg/opencb/commons/datastore/core/Query;Ljava/util/function/Consumer;Lorg/opencb/commons/datastore/core/QueryOptions;)V" line="112"><counter type="INSTRUCTION" missed="1" covered="0"/><counter type="LINE" missed="1" covered="0"/><counter type="COMPLEXITY" missed="1" covered="0"/><counter type="METHOD" missed="1" covered="0"/></method><method name="parseQuery" desc="(Lorg/opencb/commons/datastore/core/Query;)Lorg/bson/conversions/Bson;" line="115"><counter type="INSTRUCTION" missed="20" covered="0"/><counter type="BRANCH" missed="2" covered="0"/><counter type="LINE" missed="5" covered="0"/><counter type="COMPLEXITY" missed="2" covered="0"/><counter type="METHOD" missed="1" covered="0"/></method><method name="getAllByRegionList" desc="(Ljava/util/List;Lorg/opencb/commons/datastore/core/QueryOptions;)Ljava/util/List;" line="129"><counter type="INSTRUCTION" missed="303" covered="0"/><counter type="BRANCH" missed="26" covered="0"/><counter type="LINE" missed="50" covered="0"/><counter type="COMPLEXITY" missed="14" covered="0"/><counter type="METHOD" missed="1" covered="0"/></method><method name="getAllScoresByRegionList" desc="(Ljava/util/List;Lorg/opencb/commons/datastore/core/QueryOptions;)Ljava/util/List;" line="241"><counter type="INSTRUCTION" missed="219" covered="115"/><counter type="BRANCH" missed="26" covered="8"/><counter type="LINE" missed="35" covered="23"/><counter type="COMPLEXITY" missed="15" covered="3"/><counter type="METHOD" missed="0" covered="1"/></method><counter type="INSTRUCTION" missed="598" covered="130"/><counter type="BRANCH" missed="54" covered="8"/><counter type="LINE" missed="106" covered="27"/><counter type="COMPLEXITY" missed="43" covered="4"/><counter type="METHOD" missed="14" covered="2"/><counter type="CLASS" missed="0" covered="1"/></class><class name="org/opencb/cellbase/lib/impl/MongoDBAdaptor$QueryValueType"><method name="values" desc="()[Lorg/opencb/cellbase/lib/impl/MongoDBAdaptor$QueryValueType;" line="40"><counter type="INSTRUCTION" missed="0" covered="4"/><counter type="LINE" missed="0" covered="1"/><counter type="COMPLEXITY" missed="0" covered="1"/><counter type="METHOD" missed="0" covered="1"/></method><method name="valueOf" desc="(Ljava/lang/String;)Lorg/opencb/cellbase/lib/impl/MongoDBAdaptor$QueryValueType;" line="40"><counter type="INSTRUCTION" missed="5" covered="0"/><counter type="LINE" missed="1" covered="0"/><counter type="COMPLEXITY" missed="1" covered="0"/><counter type="METHOD" missed="1" covered="0"/></method><method name="&lt;init&gt;" desc="(Ljava/lang/String;I)V" line="40"><counter type="INSTRUCTION" missed="0" covered="5"/><counter type="LINE" missed="0" covered="1"/><counter type="COMPLEXITY" missed="0" covered="1"/><counter type="METHOD" missed="0" covered="1"/></method><method name="&lt;clinit&gt;" desc="()V" line="40"><counter type="INSTRUCTION" missed="0" covered="24"/><counter type="LINE" missed="0" covered="1"/><counter type="COMPLEXITY" missed="0" covered="1"/><counter type="METHOD" missed="0" covered="1"/></method><counter type="INSTRUCTION" missed="5" covered="33"/><counter type="LINE" missed="0" covered="1"/><counter type="COMPLEXITY" missed="1" covered="3"/><counter type="METHOD" missed="1" covered="3"/><counter type="CLASS" missed="0" covered="1"/></class><class name="org/opencb/cellbase/lib/impl/ProteinMongoDBAdaptor"><method name="&lt;init&gt;" desc="(Ljava/lang/String;Ljava/lang/String;Lorg/opencb/commons/datastore/mongodb/MongoDataStore;)V" line="75"><counter type="INSTRUCTION" missed="0" covered="20"/><counter type="LINE" missed="0" covered="5"/><counter type="COMPLEXITY" missed="0" covered="1"/><counter type="METHOD" missed="0" covered="1"/></method><method name="getSubstitutionScores" desc="(Lorg/opencb/commons/datastore/core/Query;Lorg/opencb/commons/datastore/core/QueryOptions;)Lorg/opencb/commons/datastore/core/QueryResult;" line="85"><counter type="INSTRUCTION" missed="11" covered="196"/><counter type="BRANCH" missed="12" covered="16"/><counter type="LINE" missed="2" covered="31"/><counter type="COMPLEXITY" missed="12" covered="3"/><counter type="METHOD" missed="0" covered="1"/></method><method name="getVariantAnnotation" desc="(Ljava/lang/String;ILjava/lang/String;Ljava/lang/String;Lorg/opencb/commons/datastore/core/QueryOptions;)Lorg/opencb/commons/datastore/core/QueryResult;" line="172"><counter type="INSTRUCTION" missed="0" covered="305"/><counter type="BRANCH" missed="1" covered="7"/><counter type="LINE" missed="0" covered="48"/><counter type="COMPLEXITY" missed="1" covered="4"/><counter type="METHOD" missed="0" covered="1"/></method><method name="rank" desc="(Lorg/opencb/commons/datastore/core/Query;Ljava/lang/String;IZ)Lorg/opencb/commons/datastore/core/QueryResult;" line="287"><counter type="INSTRUCTION" missed="2" covered="0"/><counter type="LINE" missed="1" covered="0"/><counter type="COMPLEXITY" missed="1" covered="0"/><counter type="METHOD" missed="1" covered="0"/></method><method name="groupBy" desc="(Lorg/opencb/commons/datastore/core/Query;Ljava/lang/String;Lorg/opencb/commons/datastore/core/QueryOptions;)Lorg/opencb/commons/datastore/core/QueryResult;" line="292"><counter type="INSTRUCTION" missed="11" covered="0"/><counter type="LINE" missed="2" covered="0"/><counter type="COMPLEXITY" missed="1" covered="0"/><counter type="METHOD" missed="1" covered="0"/></method><method name="groupBy" desc="(Lorg/opencb/commons/datastore/core/Query;Ljava/util/List;Lorg/opencb/commons/datastore/core/QueryOptions;)Lorg/opencb/commons/datastore/core/QueryResult;" line="298"><counter type="INSTRUCTION" missed="11" covered="0"/><counter type="LINE" missed="2" covered="0"/><counter type="COMPLEXITY" missed="1" covered="0"/><counter type="METHOD" missed="1" covered="0"/></method><method name="update" desc="(Ljava/util/List;Ljava/lang/String;[Ljava/lang/String;)Lorg/opencb/commons/datastore/core/QueryResult;" line="304"><counter type="INSTRUCTION" missed="2" covered="0"/><counter type="LINE" missed="1" covered="0"/><counter type="COMPLEXITY" missed="1" covered="0"/><counter type="METHOD" missed="1" covered="0"/></method><method name="count" desc="(Lorg/opencb/commons/datastore/core/Query;)Lorg/opencb/commons/datastore/core/QueryResult;" line="309"><counter type="INSTRUCTION" missed="9" covered="0"/><counter type="LINE" missed="2" covered="0"/><counter type="COMPLEXITY" missed="1" covered="0"/><counter type="METHOD" missed="1" covered="0"/></method><method name="distinct" desc="(Lorg/opencb/commons/datastore/core/Query;Ljava/lang/String;)Lorg/opencb/commons/datastore/core/QueryResult;" line="315"><counter type="INSTRUCTION" missed="10" covered="0"/><counter type="LINE" missed="2" covered="0"/><counter type="COMPLEXITY" missed="1" covered="0"/><counter type="METHOD" missed="1" covered="0"/></method><method name="stats" desc="(Lorg/opencb/commons/datastore/core/Query;)Lorg/opencb/commons/datastore/core/QueryResult;" line="321"><counter type="INSTRUCTION" missed="2" covered="0"/><counter type="LINE" missed="1" covered="0"/><counter type="COMPLEXITY" missed="1" covered="0"/><counter type="METHOD" missed="1" covered="0"/></method><method name="get" desc="(Lorg/opencb/commons/datastore/core/Query;Lorg/opencb/commons/datastore/core/QueryOptions;)Lorg/opencb/commons/datastore/core/QueryResult;" line="326"><counter type="INSTRUCTION" missed="0" covered="12"/><counter type="LINE" missed="0" covered="2"/><counter type="COMPLEXITY" missed="0" covered="1"/><counter type="METHOD" missed="0" covered="1"/></method><method name="nativeGet" desc="(Lorg/opencb/commons/datastore/core/Query;Lorg/opencb/commons/datastore/core/QueryOptions;)Lorg/opencb/commons/datastore/core/QueryResult;" line="332"><counter type="INSTRUCTION" missed="0" covered="10"/><counter type="LINE" missed="0" covered="2"/><counter type="COMPLEXITY" missed="0" covered="1"/><counter type="METHOD" missed="0" covered="1"/></method><method name="iterator" desc="(Lorg/opencb/commons/datastore/core/Query;Lorg/opencb/commons/datastore/core/QueryOptions;)Ljava/util/Iterator;" line="338"><counter type="INSTRUCTION" missed="2" covered="0"/><counter type="LINE" missed="1" covered="0"/><counter type="COMPLEXITY" missed="1" covered="0"/><counter type="METHOD" missed="1" covered="0"/></method><method name="nativeIterator" desc="(Lorg/opencb/commons/datastore/core/Query;Lorg/opencb/commons/datastore/core/QueryOptions;)Ljava/util/Iterator;" line="343"><counter type="INSTRUCTION" missed="12" covered="0"/><counter type="LINE" missed="2" covered="0"/><counter type="COMPLEXITY" missed="1" covered="0"/><counter type="METHOD" missed="1" covered="0"/></method><method name="forEach" desc="(Lorg/opencb/commons/datastore/core/Query;Ljava/util/function/Consumer;Lorg/opencb/commons/datastore/core/QueryOptions;)V" line="350"><counter type="INSTRUCTION" missed="1" covered="0"/><counter type="LINE" missed="1" covered="0"/><counter type="COMPLEXITY" missed="1" covered="0"/><counter type="METHOD" missed="1" covered="0"/></method><method name="parseQuery" desc="(Lorg/opencb/commons/datastore/core/Query;)Lorg/bson/conversions/Bson;" line="353"><counter type="INSTRUCTION" missed="0" covered="63"/><counter type="BRANCH" missed="0" covered="2"/><counter type="LINE" missed="0" covered="11"/><counter type="COMPLEXITY" missed="0" covered="2"/><counter type="METHOD" missed="0" covered="1"/></method><method name="processProteinVariantData" desc="(Lorg/opencb/biodata/models/variant/avro/ProteinVariantAnnotation;Ljava/lang/String;Lorg/bson/Document;)Lorg/opencb/biodata/models/variant/avro/ProteinVariantAnnotation;" line="373"><counter type="INSTRUCTION" missed="30" covered="173"/><counter type="BRANCH" missed="6" covered="10"/><counter type="LINE" missed="5" covered="29"/><counter type="COMPLEXITY" missed="5" covered="4"/><counter type="METHOD" missed="0" covered="1"/></method><method name="&lt;clinit&gt;" desc="()V" line="48"><counter type="INSTRUCTION" missed="0" covered="105"/><counter type="LINE" missed="0" covered="22"/><counter type="COMPLEXITY" missed="0" covered="1"/><counter type="METHOD" missed="0" covered="1"/></method><counter type="INSTRUCTION" missed="103" covered="884"/><counter type="BRANCH" missed="19" covered="35"/><counter type="LINE" missed="22" covered="150"/><counter type="COMPLEXITY" missed="28" covered="17"/><counter type="METHOD" missed="10" covered="8"/><counter type="CLASS" missed="0" covered="1"/></class><class name="org/opencb/cellbase/lib/impl/TranscriptMongoDBAdaptor"><method name="&lt;init&gt;" desc="(Ljava/lang/String;Ljava/lang/String;Lorg/opencb/commons/datastore/mongodb/MongoDataStore;)V" line="28"><counter type="INSTRUCTION" missed="0" covered="15"/><counter type="LINE" missed="0" covered="4"/><counter type="COMPLEXITY" missed="0" covered="1"/><counter type="METHOD" missed="0" covered="1"/></method><method name="getCdna" desc="(Ljava/lang/String;)Lorg/opencb/commons/datastore/core/QueryResult;" line="37"><counter type="INSTRUCTION" missed="80" covered="0"/><counter type="BRANCH" missed="4" covered="0"/><counter type="LINE" missed="11" covered="0"/><counter type="COMPLEXITY" missed="3" covered="0"/><counter type="METHOD" missed="1" covered="0"/></method><method name="update" desc="(Ljava/util/List;Ljava/lang/String;[Ljava/lang/String;)Lorg/opencb/commons/datastore/core/QueryResult;" line="55"><counter type="INSTRUCTION" missed="2" covered="0"/><counter type="LINE" missed="1" covered="0"/><counter type="COMPLEXITY" missed="1" covered="0"/><counter type="METHOD" missed="1" covered="0"/></method><method name="count" desc="(Lorg/opencb/commons/datastore/core/Query;)Lorg/opencb/commons/datastore/core/QueryResult;" line="60"><counter type="INSTRUCTION" missed="134" covered="0"/><counter type="BRANCH" missed="6" covered="0"/><counter type="LINE" missed="21" covered="0"/><counter type="COMPLEXITY" missed="4" covered="0"/><counter type="METHOD" missed="1" covered="0"/></method><method name="distinct" desc="(Lorg/opencb/commons/datastore/core/Query;Ljava/lang/String;)Lorg/opencb/commons/datastore/core/QueryResult;" line="93"><counter type="INSTRUCTION" missed="10" covered="0"/><counter type="LINE" missed="2" covered="0"/><counter type="COMPLEXITY" missed="1" covered="0"/><counter type="METHOD" missed="1" covered="0"/></method><method name="stats" desc="(Lorg/opencb/commons/datastore/core/Query;)Lorg/opencb/commons/datastore/core/QueryResult;" line="100"><counter type="INSTRUCTION" missed="2" covered="0"/><counter type="LINE" missed="1" covered="0"/><counter type="COMPLEXITY" missed="1" covered="0"/><counter type="METHOD" missed="1" covered="0"/></method><method name="get" desc="(Lorg/opencb/commons/datastore/core/Query;Lorg/opencb/commons/datastore/core/QueryOptions;)Lorg/opencb/commons/datastore/core/QueryResult;" line="105"><counter type="INSTRUCTION" missed="2" covered="0"/><counter type="LINE" missed="1" covered="0"/><counter type="COMPLEXITY" missed="1" covered="0"/><counter type="METHOD" missed="1" covered="0"/></method><method name="nativeGet" desc="(Lorg/opencb/commons/datastore/core/Query;Lorg/opencb/commons/datastore/core/QueryOptions;)Lorg/opencb/commons/datastore/core/QueryResult;" line="110"><counter type="INSTRUCTION" missed="0" covered="11"/><counter type="LINE" missed="0" covered="2"/><counter type="COMPLEXITY" missed="0" covered="1"/><counter type="METHOD" missed="0" covered="1"/></method><method name="iterator" desc="(Lorg/opencb/commons/datastore/core/Query;Lorg/opencb/commons/datastore/core/QueryOptions;)Ljava/util/Iterator;" line="116"><counter type="INSTRUCTION" missed="2" covered="0"/><counter type="LINE" missed="1" covered="0"/><counter type="COMPLEXITY" missed="1" covered="0"/><counter type="METHOD" missed="1" covered="0"/></method><method name="nativeIterator" desc="(Lorg/opencb/commons/datastore/core/Query;Lorg/opencb/commons/datastore/core/QueryOptions;)Ljava/util/Iterator;" line="121"><counter type="INSTRUCTION" missed="13" covered="0"/><counter type="LINE" missed="2" covered="0"/><counter type="COMPLEXITY" missed="1" covered="0"/><counter type="METHOD" missed="1" covered="0"/></method><method name="forEach" desc="(Lorg/opencb/commons/datastore/core/Query;Ljava/util/function/Consumer;Lorg/opencb/commons/datastore/core/QueryOptions;)V" line="129"><counter type="INSTRUCTION" missed="1" covered="0"/><counter type="LINE" missed="1" covered="0"/><counter type="COMPLEXITY" missed="1" covered="0"/><counter type="METHOD" missed="1" covered="0"/></method><method name="rank" desc="(Lorg/opencb/commons/datastore/core/Query;Ljava/lang/String;IZ)Lorg/opencb/commons/datastore/core/QueryResult;" line="133"><counter type="INSTRUCTION" missed="2" covered="0"/><counter type="LINE" missed="1" covered="0"/><counter type="COMPLEXITY" missed="1" covered="0"/><counter type="METHOD" missed="1" covered="0"/></method><method name="groupBy" desc="(Lorg/opencb/commons/datastore/core/Query;Ljava/lang/String;Lorg/opencb/commons/datastore/core/QueryOptions;)Lorg/opencb/commons/datastore/core/QueryResult;" line="138"><counter type="INSTRUCTION" missed="11" covered="0"/><counter type="LINE" missed="2" covered="0"/><counter type="COMPLEXITY" missed="1" covered="0"/><counter type="METHOD" missed="1" covered="0"/></method><method name="groupBy" desc="(Lorg/opencb/commons/datastore/core/Query;Ljava/util/List;Lorg/opencb/commons/datastore/core/QueryOptions;)Lorg/opencb/commons/datastore/core/QueryResult;" line="145"><counter type="INSTRUCTION" missed="11" covered="0"/><counter type="LINE" missed="2" covered="0"/><counter type="COMPLEXITY" missed="1" covered="0"/><counter type="METHOD" missed="1" covered="0"/></method><method name="next" desc="(Lorg/opencb/commons/datastore/core/Query;Lorg/opencb/commons/datastore/core/QueryOptions;)Lorg/opencb/commons/datastore/core/QueryResult;" line="151"><counter type="INSTRUCTION" missed="2" covered="0"/><counter type="LINE" missed="1" covered="0"/><counter type="COMPLEXITY" missed="1" covered="0"/><counter type="METHOD" missed="1" covered="0"/></method><method name="nativeNext" desc="(Lorg/opencb/commons/datastore/core/Query;Lorg/opencb/commons/datastore/core/QueryOptions;)Lorg/opencb/commons/datastore/core/QueryResult;" line="156"><counter type="INSTRUCTION" missed="2" covered="0"/><counter type="LINE" missed="1" covered="0"/><counter type="COMPLEXITY" missed="1" covered="0"/><counter type="METHOD" missed="1" covered="0"/></method><method name="getIntervalFrequencies" desc="(Lorg/opencb/commons/datastore/core/Query;ILorg/opencb/commons/datastore/core/QueryOptions;)Lorg/opencb/commons/datastore/core/QueryResult;" line="161"><counter type="INSTRUCTION" missed="22" covered="0"/><counter type="BRANCH" missed="2" covered="0"/><counter type="LINE" missed="5" covered="0"/><counter type="COMPLEXITY" missed="2" covered="0"/><counter type="METHOD" missed="1" covered="0"/></method><method name="parseQuery" desc="(Lorg/opencb/commons/datastore/core/Query;)Lorg/bson/conversions/Bson;" line="170"><counter type="INSTRUCTION" missed="4" covered="59"/><counter type="BRANCH" missed="1" covered="1"/><counter type="LINE" missed="1" covered="10"/><counter type="COMPLEXITY" missed="1" covered="1"/><counter type="METHOD" missed="0" covered="1"/></method><method name="parseQueryUnwindTranscripts" desc="(Lorg/opencb/commons/datastore/core/Query;)Lorg/bson/conversions/Bson;" line="187"><counter type="INSTRUCTION" missed="62" covered="0"/><counter type="BRANCH" missed="2" covered="0"/><counter type="LINE" missed="11" covered="0"/><counter type="COMPLEXITY" missed="2" covered="0"/><counter type="METHOD" missed="1" covered="0"/></method><method name="unwindAndMatchTranscripts" desc="(Lorg/opencb/commons/datastore/core/Query;Lorg/opencb/commons/datastore/core/QueryOptions;)Ljava/util/List;" line="205"><counter type="INSTRUCTION" missed="0" covered="202"/><counter type="BRANCH" missed="1" covered="11"/><counter type="LINE" missed="0" covered="44"/><counter type="COMPLEXITY" missed="1" covered="6"/><counter type="METHOD" missed="0" covered="1"/></method><counter type="INSTRUCTION" missed="362" covered="287"/><counter type="BRANCH" missed="16" covered="12"/><counter type="LINE" missed="65" covered="60"/><counter type="COMPLEXITY" missed="25" covered="9"/><counter type="METHOD" missed="16" covered="4"/><counter type="CLASS" missed="0" covered="1"/></class><class name="org/opencb/cellbase/lib/impl/VariantMongoDBAdaptor"><method name="&lt;init&gt;" desc="(Ljava/lang/String;Ljava/lang/String;Lorg/opencb/commons/datastore/mongodb/MongoDataStore;)V" line="66"><counter type="INSTRUCTION" missed="0" covered="20"/><counter type="LINE" missed="0" covered="5"/><counter type="COMPLEXITY" missed="0" covered="1"/><counter type="METHOD" missed="0" covered="1"/></method><method name="startsWith" desc="(Ljava/lang/String;Lorg/opencb/commons/datastore/core/QueryOptions;)Lorg/opencb/commons/datastore/core/QueryResult;" line="75"><counter type="INSTRUCTION" missed="39" covered="0"/><counter type="LINE" missed="3" covered="0"/><counter type="COMPLEXITY" missed="1" covered="0"/><counter type="METHOD" missed="1" covered="0"/></method><method name="getConsequenceTypes" desc="(Lorg/opencb/commons/datastore/core/Query;)Lorg/opencb/commons/datastore/core/QueryResult;" line="83"><counter type="INSTRUCTION" missed="22" covered="0"/><counter type="LINE" missed="7" covered="0"/><counter type="COMPLEXITY" missed="1" covered="0"/><counter type="METHOD" missed="1" covered="0"/></method><method name="next" desc="(Lorg/opencb/commons/datastore/core/Query;Lorg/opencb/commons/datastore/core/QueryOptions;)Lorg/opencb/commons/datastore/core/QueryResult;" line="94"><counter type="INSTRUCTION" missed="2" covered="0"/><counter type="LINE" missed="1" covered="0"/><counter type="COMPLEXITY" missed="1" covered="0"/><counter type="METHOD" missed="1" covered="0"/></method><method name="nativeNext" desc="(Lorg/opencb/commons/datastore/core/Query;Lorg/opencb/commons/datastore/core/QueryOptions;)Lorg/opencb/commons/datastore/core/QueryResult;" line="99"><counter type="INSTRUCTION" missed="2" covered="0"/><counter type="LINE" missed="1" covered="0"/><counter type="COMPLEXITY" missed="1" covered="0"/><counter type="METHOD" missed="1" covered="0"/></method><method name="getIntervalFrequencies" desc="(Lorg/opencb/commons/datastore/core/Query;ILorg/opencb/commons/datastore/core/QueryOptions;)Lorg/opencb/commons/datastore/core/QueryResult;" line="104"><counter type="INSTRUCTION" missed="24" covered="0"/><counter type="BRANCH" missed="2" covered="0"/><counter type="LINE" missed="5" covered="0"/><counter type="COMPLEXITY" missed="2" covered="0"/><counter type="METHOD" missed="1" covered="0"/></method><method name="update" desc="(Ljava/util/List;Ljava/lang/String;[Ljava/lang/String;)Lorg/opencb/commons/datastore/core/QueryResult;" line="114"><counter type="INSTRUCTION" missed="42" covered="0"/><counter type="BRANCH" missed="10" covered="0"/><counter type="LINE" missed="8" covered="0"/><counter type="COMPLEXITY" missed="7" covered="0"/><counter type="METHOD" missed="1" covered="0"/></method><method name="count" desc="(Lorg/opencb/commons/datastore/core/Query;)Lorg/opencb/commons/datastore/core/QueryResult;" line="131"><counter type="INSTRUCTION" missed="9" covered="0"/><counter type="LINE" missed="2" covered="0"/><counter type="COMPLEXITY" missed="1" covered="0"/><counter type="METHOD" missed="1" covered="0"/></method><method name="distinct" desc="(Lorg/opencb/commons/datastore/core/Query;Ljava/lang/String;)Lorg/opencb/commons/datastore/core/QueryResult;" line="137"><counter type="INSTRUCTION" missed="10" covered="0"/><counter type="LINE" missed="2" covered="0"/><counter type="COMPLEXITY" missed="1" covered="0"/><counter type="METHOD" missed="1" covered="0"/></method><method name="stats" desc="(Lorg/opencb/commons/datastore/core/Query;)Lorg/opencb/commons/datastore/core/QueryResult;" line="143"><counter type="INSTRUCTION" missed="2" covered="0"/><counter type="LINE" missed="1" covered="0"/><counter type="COMPLEXITY" missed="1" covered="0"/><counter type="METHOD" missed="1" covered="0"/></method><method name="get" desc="(Lorg/opencb/commons/datastore/core/Query;Lorg/opencb/commons/datastore/core/QueryOptions;)Lorg/opencb/commons/datastore/core/QueryResult;" line="148"><counter type="INSTRUCTION" missed="0" covered="28"/><counter type="LINE" missed="0" covered="4"/><counter type="COMPLEXITY" missed="0" covered="1"/><counter type="METHOD" missed="0" covered="1"/></method><method name="addVariantPrivateExcludeOptions" desc="(Lorg/opencb/commons/datastore/core/QueryOptions;)Lorg/opencb/commons/datastore/core/QueryOptions;" line="164"><counter type="INSTRUCTION" missed="23" covered="14"/><counter type="BRANCH" missed="2" covered="2"/><counter type="LINE" missed="4" covered="4"/><counter type="COMPLEXITY" missed="2" covered="1"/><counter type="METHOD" missed="0" covered="1"/></method><method name="nativeGet" desc="(Lorg/opencb/commons/datastore/core/Query;Lorg/opencb/commons/datastore/core/QueryOptions;)Lorg/opencb/commons/datastore/core/QueryResult;" line="179"><counter type="INSTRUCTION" missed="0" covered="19"/><counter type="LINE" missed="0" covered="3"/><counter type="COMPLEXITY" missed="0" covered="1"/><counter type="METHOD" missed="0" covered="1"/></method><method name="iterator" desc="(Lorg/opencb/commons/datastore/core/Query;Lorg/opencb/commons/datastore/core/QueryOptions;)Ljava/util/Iterator;" line="187"><counter type="INSTRUCTION" missed="22" covered="0"/><counter type="LINE" missed="3" covered="0"/><counter type="COMPLEXITY" missed="1" covered="0"/><counter type="METHOD" missed="1" covered="0"/></method><method name="nativeIterator" desc="(Lorg/opencb/commons/datastore/core/Query;Lorg/opencb/commons/datastore/core/QueryOptions;)Ljava/util/Iterator;" line="194"><counter type="INSTRUCTION" missed="12" covered="0"/><counter type="LINE" missed="2" covered="0"/><counter type="COMPLEXITY" missed="1" covered="0"/><counter type="METHOD" missed="1" covered="0"/></method><method name="forEach" desc="(Lorg/opencb/commons/datastore/core/Query;Ljava/util/function/Consumer;Lorg/opencb/commons/datastore/core/QueryOptions;)V" line="200"><counter type="INSTRUCTION" missed="17" covered="0"/><counter type="BRANCH" missed="2" covered="0"/><counter type="LINE" missed="5" covered="0"/><counter type="COMPLEXITY" missed="2" covered="0"/><counter type="METHOD" missed="1" covered="0"/></method><method name="rank" desc="(Lorg/opencb/commons/datastore/core/Query;Ljava/lang/String;IZ)Lorg/opencb/commons/datastore/core/QueryResult;" line="209"><counter type="INSTRUCTION" missed="2" covered="0"/><counter type="LINE" missed="1" covered="0"/><counter type="COMPLEXITY" missed="1" covered="0"/><counter type="METHOD" missed="1" covered="0"/></method><method name="groupBy" desc="(Lorg/opencb/commons/datastore/core/Query;Ljava/lang/String;Lorg/opencb/commons/datastore/core/QueryOptions;)Lorg/opencb/commons/datastore/core/QueryResult;" line="214"><counter type="INSTRUCTION" missed="11" covered="0"/><counter type="LINE" missed="2" covered="0"/><counter type="COMPLEXITY" missed="1" covered="0"/><counter type="METHOD" missed="1" covered="0"/></method><method name="groupBy" desc="(Lorg/opencb/commons/datastore/core/Query;Ljava/util/List;Lorg/opencb/commons/datastore/core/QueryOptions;)Lorg/opencb/commons/datastore/core/QueryResult;" line="220"><counter type="INSTRUCTION" missed="11" covered="0"/><counter type="LINE" missed="2" covered="0"/><counter type="COMPLEXITY" missed="1" covered="0"/><counter type="METHOD" missed="1" covered="0"/></method><method name="parseQuery" desc="(Lorg/opencb/commons/datastore/core/Query;)Lorg/bson/conversions/Bson;" line="225"><counter type="INSTRUCTION" missed="4" covered="116"/><counter type="BRANCH" missed="1" covered="5"/><counter type="LINE" missed="1" covered="17"/><counter type="COMPLEXITY" missed="1" covered="3"/><counter type="METHOD" missed="0" covered="1"/></method><method name="createTypeQuery" desc="(Lorg/opencb/commons/datastore/core/Query;Ljava/lang/String;Ljava/lang/String;Ljava/lang/String;Ljava/lang/String;Ljava/util/List;)V" line="263"><counter type="INSTRUCTION" missed="7" covered="92"/><counter type="BRANCH" missed="5" covered="9"/><counter type="LINE" missed="1" covered="16"/><counter type="COMPLEXITY" missed="5" covered="3"/><counter type="METHOD" missed="0" covered="1"/></method><method name="createImprecisePositionQuery" desc="(Lorg/opencb/commons/datastore/core/Query;Ljava/lang/String;Ljava/lang/String;Ljava/lang/String;Ljava/lang/String;Ljava/util/List;)V" line="288"><counter type="INSTRUCTION" missed="0" covered="43"/><counter type="BRANCH" missed="4" covered="6"/><counter type="LINE" missed="0" covered="7"/><counter type="COMPLEXITY" missed="4" covered="2"/><counter type="METHOD" missed="0" covered="1"/></method><method name="createGeneOrQuery" desc="(Lorg/opencb/commons/datastore/core/Query;Ljava/lang/String;Ljava/util/List;)V" line="306"><counter type="INSTRUCTION" missed="28" covered="26"/><counter type="BRANCH" missed="5" covered="5"/><counter type="LINE" missed="5" covered="6"/><counter type="COMPLEXITY" missed="4" covered="2"/><counter type="METHOD" missed="0" covered="1"/></method><method name="getGeneQuery" desc="(Ljava/lang/String;)Lorg/bson/conversions/Bson;" line="330"><counter type="INSTRUCTION" missed="0" covered="20"/><counter type="BRANCH" missed="0" covered="4"/><counter type="LINE" missed="0" covered="5"/><counter type="COMPLEXITY" missed="0" covered="3"/><counter type="METHOD" missed="0" covered="1"/></method><method name="updateAnnotation" desc="(Ljava/util/List;[Ljava/lang/String;)Lorg/opencb/commons/datastore/core/QueryResult;" line="340"><counter type="INSTRUCTION" missed="214" covered="0"/><counter type="BRANCH" missed="14" covered="0"/><counter type="LINE" missed="37" covered="0"/><counter type="COMPLEXITY" missed="8" covered="0"/><counter type="METHOD" missed="1" covered="0"/></method><method name="updatePopulationFrequencies" desc="(Ljava/util/List;)Lorg/opencb/commons/datastore/core/QueryResult;" line="395"><counter type="INSTRUCTION" missed="165" covered="0"/><counter type="BRANCH" missed="4" covered="0"/><counter type="LINE" missed="33" covered="0"/><counter type="COMPLEXITY" missed="3" covered="0"/><counter type="METHOD" missed="1" covered="0"/></method><method name="addChunkId" desc="(Lorg/bson/Document;)V" line="453"><counter type="INSTRUCTION" missed="78" covered="0"/><counter type="BRANCH" missed="4" covered="0"/><counter type="LINE" missed="10" covered="0"/><counter type="COMPLEXITY" missed="3" covered="0"/><counter type="METHOD" missed="1" covered="0"/></method><method name="getFunctionalScoreVariant" desc="(Lorg/opencb/biodata/models/variant/Variant;Lorg/opencb/commons/datastore/core/QueryOptions;)Lorg/opencb/commons/datastore/core/QueryResult;" line="469"><counter type="INSTRUCTION" missed="245" covered="70"/><counter type="BRANCH" missed="45" covered="1"/><counter type="LINE" missed="40" covered="12"/><counter type="COMPLEXITY" missed="29" covered="1"/><counter type="METHOD" missed="0" covered="1"/></method><method name="getPopulationFrequencyByVariant" desc="(Ljava/util/List;Lorg/opencb/commons/datastore/core/QueryOptions;)Ljava/util/List;" line="574"><counter type="INSTRUCTION" missed="0" covered="41"/><counter type="BRANCH" missed="1" covered="5"/><counter type="LINE" missed="0" covered="7"/><counter type="COMPLEXITY" missed="1" covered="3"/><counter type="METHOD" missed="0" covered="1"/></method><method name="&lt;clinit&gt;" desc="()V" line="59"><counter type="INSTRUCTION" missed="0" covered="5"/><counter type="LINE" missed="0" covered="1"/><counter type="COMPLEXITY" missed="0" covered="1"/><counter type="METHOD" missed="0" covered="1"/></method><counter type="INSTRUCTION" missed="991" covered="494"/><counter type="BRANCH" missed="99" covered="37"/><counter type="LINE" missed="176" covered="87"/><counter type="COMPLEXITY" missed="83" covered="22"/><counter type="METHOD" missed="18" covered="12"/><counter type="CLASS" missed="0" covered="1"/></class><class name="org/opencb/cellbase/lib/impl/ClinicalLegacyMongoDBAdaptor"><method name="&lt;init&gt;" desc="(Ljava/lang/String;Ljava/lang/String;Lorg/opencb/commons/datastore/mongodb/MongoDataStore;)V" line="43"><counter type="INSTRUCTION" missed="15" covered="0"/><counter type="LINE" missed="4" covered="0"/><counter type="COMPLEXITY" missed="1" covered="0"/><counter type="METHOD" missed="1" covered="0"/></method><method name="next" desc="(Lorg/opencb/commons/datastore/core/Query;Lorg/opencb/commons/datastore/core/QueryOptions;)Lorg/opencb/commons/datastore/core/QueryResult;" line="51"><counter type="INSTRUCTION" missed="2" covered="0"/><counter type="LINE" missed="1" covered="0"/><counter type="COMPLEXITY" missed="1" covered="0"/><counter type="METHOD" missed="1" covered="0"/></method><method name="nativeNext" desc="(Lorg/opencb/commons/datastore/core/Query;Lorg/opencb/commons/datastore/core/QueryOptions;)Lorg/opencb/commons/datastore/core/QueryResult;" line="56"><counter type="INSTRUCTION" missed="2" covered="0"/><counter type="LINE" missed="1" covered="0"/><counter type="COMPLEXITY" missed="1" covered="0"/><counter type="METHOD" missed="1" covered="0"/></method><method name="rank" desc="(Lorg/opencb/commons/datastore/core/Query;Ljava/lang/String;IZ)Lorg/opencb/commons/datastore/core/QueryResult;" line="61"><counter type="INSTRUCTION" missed="2" covered="0"/><counter type="LINE" missed="1" covered="0"/><counter type="COMPLEXITY" missed="1" covered="0"/><counter type="METHOD" missed="1" covered="0"/></method><method name="groupBy" desc="(Lorg/opencb/commons/datastore/core/Query;Ljava/lang/String;Lorg/opencb/commons/datastore/core/QueryOptions;)Lorg/opencb/commons/datastore/core/QueryResult;" line="66"><counter type="INSTRUCTION" missed="11" covered="0"/><counter type="LINE" missed="2" covered="0"/><counter type="COMPLEXITY" missed="1" covered="0"/><counter type="METHOD" missed="1" covered="0"/></method><method name="groupBy" desc="(Lorg/opencb/commons/datastore/core/Query;Ljava/util/List;Lorg/opencb/commons/datastore/core/QueryOptions;)Lorg/opencb/commons/datastore/core/QueryResult;" line="72"><counter type="INSTRUCTION" missed="11" covered="0"/><counter type="LINE" missed="2" covered="0"/><counter type="COMPLEXITY" missed="1" covered="0"/><counter type="METHOD" missed="1" covered="0"/></method><method name="getIntervalFrequencies" desc="(Lorg/opencb/commons/datastore/core/Query;ILorg/opencb/commons/datastore/core/QueryOptions;)Lorg/opencb/commons/datastore/core/QueryResult;" line="78"><counter type="INSTRUCTION" missed="2" covered="0"/><counter type="LINE" missed="1" covered="0"/><counter type="COMPLEXITY" missed="1" covered="0"/><counter type="METHOD" missed="1" covered="0"/></method><method name="update" desc="(Ljava/util/List;Ljava/lang/String;[Ljava/lang/String;)Lorg/opencb/commons/datastore/core/QueryResult;" line="83"><counter type="INSTRUCTION" missed="2" covered="0"/><counter type="LINE" missed="1" covered="0"/><counter type="COMPLEXITY" missed="1" covered="0"/><counter type="METHOD" missed="1" covered="0"/></method><method name="count" desc="(Lorg/opencb/commons/datastore/core/Query;)Lorg/opencb/commons/datastore/core/QueryResult;" line="88"><counter type="INSTRUCTION" missed="9" covered="0"/><counter type="LINE" missed="2" covered="0"/><counter type="COMPLEXITY" missed="1" covered="0"/><counter type="METHOD" missed="1" covered="0"/></method><method name="distinct" desc="(Lorg/opencb/commons/datastore/core/Query;Ljava/lang/String;)Lorg/opencb/commons/datastore/core/QueryResult;" line="94"><counter type="INSTRUCTION" missed="10" covered="0"/><counter type="LINE" missed="2" covered="0"/><counter type="COMPLEXITY" missed="1" covered="0"/><counter type="METHOD" missed="1" covered="0"/></method><method name="stats" desc="(Lorg/opencb/commons/datastore/core/Query;)Lorg/opencb/commons/datastore/core/QueryResult;" line="100"><counter type="INSTRUCTION" missed="2" covered="0"/><counter type="LINE" missed="1" covered="0"/><counter type="COMPLEXITY" missed="1" covered="0"/><counter type="METHOD" missed="1" covered="0"/></method><method name="get" desc="(Lorg/opencb/commons/datastore/core/Query;Lorg/opencb/commons/datastore/core/QueryOptions;)Lorg/opencb/commons/datastore/core/QueryResult;" line="105"><counter type="INSTRUCTION" missed="2" covered="0"/><counter type="LINE" missed="1" covered="0"/><counter type="COMPLEXITY" missed="1" covered="0"/><counter type="METHOD" missed="1" covered="0"/></method><method name="nativeGet" desc="(Lorg/opencb/commons/datastore/core/Query;Lorg/opencb/commons/datastore/core/QueryOptions;)Lorg/opencb/commons/datastore/core/QueryResult;" line="110"><counter type="INSTRUCTION" missed="14" covered="0"/><counter type="LINE" missed="3" covered="0"/><counter type="COMPLEXITY" missed="1" covered="0"/><counter type="METHOD" missed="1" covered="0"/></method><method name="iterator" desc="(Lorg/opencb/commons/datastore/core/Query;Lorg/opencb/commons/datastore/core/QueryOptions;)Ljava/util/Iterator;" line="117"><counter type="INSTRUCTION" missed="2" covered="0"/><counter type="LINE" missed="1" covered="0"/><counter type="COMPLEXITY" missed="1" covered="0"/><counter type="METHOD" missed="1" covered="0"/></method><method name="nativeIterator" desc="(Lorg/opencb/commons/datastore/core/Query;Lorg/opencb/commons/datastore/core/QueryOptions;)Ljava/util/Iterator;" line="122"><counter type="INSTRUCTION" missed="12" covered="0"/><counter type="LINE" missed="2" covered="0"/><counter type="COMPLEXITY" missed="1" covered="0"/><counter type="METHOD" missed="1" covered="0"/></method><method name="forEach" desc="(Lorg/opencb/commons/datastore/core/Query;Ljava/util/function/Consumer;Lorg/opencb/commons/datastore/core/QueryOptions;)V" line="128"><counter type="INSTRUCTION" missed="17" covered="0"/><counter type="BRANCH" missed="2" covered="0"/><counter type="LINE" missed="5" covered="0"/><counter type="COMPLEXITY" missed="2" covered="0"/><counter type="METHOD" missed="1" covered="0"/></method><method name="parseQueryOptions" desc="(Lorg/opencb/commons/datastore/core/QueryOptions;)Lorg/opencb/commons/datastore/core/QueryOptions;" line="136"><counter type="INSTRUCTION" missed="34" covered="0"/><counter type="BRANCH" missed="4" covered="0"/><counter type="LINE" missed="8" covered="0"/><counter type="COMPLEXITY" missed="3" covered="0"/><counter type="METHOD" missed="1" covered="0"/></method><method name="parseQuery" desc="(Lorg/opencb/commons/datastore/core/Query;)Lorg/bson/conversions/Bson;" line="148"><counter type="INSTRUCTION" missed="88" covered="0"/><counter type="BRANCH" missed="14" covered="0"/><counter type="LINE" missed="22" covered="0"/><counter type="COMPLEXITY" missed="8" covered="0"/><counter type="METHOD" missed="1" covered="0"/></method><method name="getGwasFilters" desc="(Lorg/opencb/commons/datastore/core/Query;Ljava/util/Set;Ljava/util/List;)V" line="183"><counter type="INSTRUCTION" missed="38" covered="0"/><counter type="BRANCH" missed="14" covered="0"/><counter type="LINE" missed="7" covered="0"/><counter type="COMPLEXITY" missed="8" covered="0"/><counter type="METHOD" missed="1" covered="0"/></method><method name="getCosmicFilters" desc="(Lorg/opencb/commons/datastore/core/Query;Ljava/util/Set;Ljava/util/List;)V" line="196"><counter type="INSTRUCTION" missed="68" covered="0"/><counter type="BRANCH" missed="18" covered="0"/><counter type="LINE" missed="13" covered="0"/><counter type="COMPLEXITY" missed="10" covered="0"/><counter type="METHOD" missed="1" covered="0"/></method><method name="getClinvarFilters" desc="(Lorg/opencb/commons/datastore/core/Query;Ljava/util/Set;Ljava/util/List;)V" line="215"><counter type="INSTRUCTION" missed="59" covered="0"/><counter type="BRANCH" missed="8" covered="0"/><counter type="LINE" missed="13" covered="0"/><counter type="COMPLEXITY" missed="5" covered="0"/><counter type="METHOD" missed="1" covered="0"/></method><method name="createClinvarClinicalSignificanceQuery" desc="(Lorg/opencb/commons/datastore/core/Query;Ljava/util/List;)V" line="236"><counter type="INSTRUCTION" missed="28" covered="0"/><counter type="BRANCH" missed="6" covered="0"/><counter type="LINE" missed="6" covered="0"/><counter type="COMPLEXITY" missed="4" covered="0"/><counter type="METHOD" missed="1" covered="0"/></method><method name="createClinvarReviewQuery" desc="(Lorg/opencb/commons/datastore/core/Query;Ljava/util/List;)V" line="246"><counter type="INSTRUCTION" missed="28" covered="0"/><counter type="BRANCH" missed="6" covered="0"/><counter type="LINE" missed="6" covered="0"/><counter type="COMPLEXITY" missed="4" covered="0"/><counter type="METHOD" missed="1" covered="0"/></method><method name="createClinvarTypeQuery" desc="(Lorg/opencb/commons/datastore/core/Query;Ljava/util/List;)V" line="256"><counter type="INSTRUCTION" missed="28" covered="0"/><counter type="BRANCH" missed="6" covered="0"/><counter type="LINE" missed="6" covered="0"/><counter type="COMPLEXITY" missed="4" covered="0"/><counter type="METHOD" missed="1" covered="0"/></method><method name="createClinvarRsQuery" desc="(Lorg/opencb/commons/datastore/core/Query;Ljava/util/List;)V" line="266"><counter type="INSTRUCTION" missed="89" covered="0"/><counter type="BRANCH" missed="10" covered="0"/><counter type="LINE" missed="17" covered="0"/><counter type="COMPLEXITY" missed="6" covered="0"/><counter type="METHOD" missed="1" covered="0"/></method><method name="getCommonFilters" desc="(Lorg/opencb/commons/datastore/core/Query;)Lorg/bson/conversions/Bson;" line="288"><counter type="INSTRUCTION" missed="46" covered="0"/><counter type="BRANCH" missed="4" covered="0"/><counter type="LINE" missed="10" covered="0"/><counter type="COMPLEXITY" missed="3" covered="0"/><counter type="METHOD" missed="1" covered="0"/></method><method name="createPhenotypeQuery" desc="(Lorg/opencb/commons/datastore/core/Query;Ljava/util/List;)V" line="305"><counter type="INSTRUCTION" missed="22" covered="0"/><counter type="BRANCH" missed="6" covered="0"/><counter type="LINE" missed="4" covered="0"/><counter type="COMPLEXITY" missed="4" covered="0"/><counter type="METHOD" missed="1" covered="0"/></method><method name="getPhenotypeGeneRelations" desc="(Lorg/opencb/commons/datastore/core/Query;Lorg/opencb/commons/datastore/core/QueryOptions;)Ljava/util/List;" line="313"><counter type="INSTRUCTION" missed="45" covered="0"/><counter type="BRANCH" missed="10" covered="0"/><counter type="LINE" missed="8" covered="0"/><counter type="COMPLEXITY" missed="6" covered="0"/><counter type="METHOD" missed="1" covered="0"/></method><method name="getAlleleOriginLabels" desc="()Lorg/opencb/commons/datastore/core/QueryResult;" line="329"><counter type="INSTRUCTION" missed="2" covered="0"/><counter type="LINE" missed="1" covered="0"/><counter type="COMPLEXITY" missed="1" covered="0"/><counter type="METHOD" missed="1" covered="0"/></method><method name="getModeInheritanceLabels" desc="()Lorg/opencb/commons/datastore/core/QueryResult;" line="334"><counter type="INSTRUCTION" missed="2" covered="0"/><counter type="LINE" missed="1" covered="0"/><counter type="COMPLEXITY" missed="1" covered="0"/><counter type="METHOD" missed="1" covered="0"/></method><method name="getClinsigLabels" desc="()Lorg/opencb/commons/datastore/core/QueryResult;" line="339"><counter type="INSTRUCTION" missed="2" covered="0"/><counter type="LINE" missed="1" covered="0"/><counter type="COMPLEXITY" missed="1" covered="0"/><counter type="METHOD" missed="1" covered="0"/></method><method name="getConsistencyLabels" desc="()Lorg/opencb/commons/datastore/core/QueryResult;" line="344"><counter type="INSTRUCTION" missed="2" covered="0"/><counter type="LINE" missed="1" covered="0"/><counter type="COMPLEXITY" missed="1" covered="0"/><counter type="METHOD" missed="1" covered="0"/></method><method name="getVariantTypes" desc="()Lorg/opencb/commons/datastore/core/QueryResult;" line="349"><counter type="INSTRUCTION" missed="2" covered="0"/><counter type="LINE" missed="1" covered="0"/><counter type="COMPLEXITY" missed="1" covered="0"/><counter type="METHOD" missed="1" covered="0"/></method><method name="isClinvar" desc="(Lorg/bson/Document;)Z" line="426"><counter type="INSTRUCTION" missed="8" covered="0"/><counter type="BRANCH" missed="2" covered="0"/><counter type="LINE" missed="1" covered="0"/><counter type="COMPLEXITY" missed="2" covered="0"/><counter type="METHOD" missed="1" covered="0"/></method><method name="isGwas" desc="(Lorg/bson/Document;)Z" line="430"><counter type="INSTRUCTION" missed="8" covered="0"/><counter type="BRANCH" missed="2" covered="0"/><counter type="LINE" missed="1" covered="0"/><counter type="COMPLEXITY" missed="2" covered="0"/><counter type="METHOD" missed="1" covered="0"/></method><method name="isCosmic" desc="(Lorg/bson/Document;)Z" line="434"><counter type="INSTRUCTION" missed="8" covered="0"/><counter type="BRANCH" missed="2" covered="0"/><counter type="LINE" missed="1" covered="0"/><counter type="COMPLEXITY" missed="2" covered="0"/><counter type="METHOD" missed="1" covered="0"/></method><method name="getCosmic" desc="(Lorg/bson/Document;)Lorg/opencb/biodata/models/variant/avro/Cosmic;" line="438"><counter type="INSTRUCTION" missed="58" covered="0"/><counter type="LINE" missed="10" covered="0"/><counter type="COMPLEXITY" missed="1" covered="0"/><counter type="METHOD" missed="1" covered="0"/></method><method name="getGwas" desc="(Lorg/bson/Document;)Lorg/opencb/biodata/models/variant/avro/Gwas;" line="453"><counter type="INSTRUCTION" missed="75" covered="0"/><counter type="BRANCH" missed="4" covered="0"/><counter type="LINE" missed="15" covered="0"/><counter type="COMPLEXITY" missed="3" covered="0"/><counter type="METHOD" missed="1" covered="0"/></method><method name="getClinvar" desc="(Lorg/bson/Document;)Lorg/opencb/biodata/models/variant/avro/ClinVar;" line="473"><counter type="INSTRUCTION" missed="188" covered="0"/><counter type="BRANCH" missed="18" covered="0"/><counter type="LINE" missed="40" covered="0"/><counter type="COMPLEXITY" missed="10" covered="0"/><counter type="METHOD" missed="1" covered="0"/></method><method name="getClinvarPhenotypeGeneRelations" desc="(Lorg/opencb/commons/datastore/core/QueryOptions;)Lorg/opencb/commons/datastore/core/QueryResult;" line="525"><counter type="INSTRUCTION" missed="122" covered="0"/><counter type="LINE" missed="18" covered="0"/><counter type="COMPLEXITY" missed="1" covered="0"/><counter type="METHOD" missed="1" covered="0"/></method><method name="getGwasPhenotypeGeneRelations" desc="(Lorg/opencb/commons/datastore/core/QueryOptions;)Lorg/opencb/commons/datastore/core/QueryResult;" line="552"><counter type="INSTRUCTION" missed="98" covered="0"/><counter type="LINE" missed="14" covered="0"/><counter type="COMPLEXITY" missed="1" covered="0"/><counter type="METHOD" missed="1" covered="0"/></method><method name="lambda$createClinvarTypeQuery$1" desc="(Ljava/lang/String;)Ljava/lang/String;" line="259"><counter type="INSTRUCTION" missed="5" covered="0"/><counter type="LINE" missed="1" covered="0"/><counter type="COMPLEXITY" missed="1" covered="0"/><counter type="METHOD" missed="1" covered="0"/></method><method name="lambda$createClinvarClinicalSignificanceQuery$0" desc="(Ljava/lang/String;)Ljava/lang/String;" line="239"><counter type="INSTRUCTION" missed="5" covered="0"/><counter type="LINE" missed="1" covered="0"/><counter type="COMPLEXITY" missed="1" covered="0"/><counter type="METHOD" missed="1" covered="0"/></method><counter type="INSTRUCTION" missed="1273" covered="0"/><counter type="BRANCH" missed="136" covered="0"/><counter type="LINE" missed="255" covered="0"/><counter type="COMPLEXITY" missed="111" covered="0"/><counter type="METHOD" missed="43" covered="0"/>
[...]
" covered="0"/><counter type="METHOD" missed="1" covered="0"/></method><method name="getChromosome" desc="()Ljava/lang/String;" line="70"><counter type="INSTRUCTION" missed="3" covered="0"/><counter type="LINE" missed="1" covered="0"/><counter type="COMPLEXITY" missed="1" covered="0"/><counter type="METHOD" missed="1" covered="0"/></method><method name="setChromosome" desc="(Ljava/lang/String;)V" line="74"><counter type="INSTRUCTION" missed="4" covered="0"/><counter type="LINE" missed="2" covered="0"/><counter type="COMPLEXITY" missed="1" covered="0"/><counter type="METHOD" missed="1" covered="0"/></method><method name="getStart" desc="()I" line="78"><counter type="INSTRUCTION" missed="3" covered="0"/><counter type="LINE" missed="1" covered="0"/><counter type="COMPLEXITY" missed="1" covered="0"/><counter type="METHOD" missed="1" covered="0"/></method><method name="setStart" desc="(I)V" line="82"><counter type="INSTRUCTION" missed="4" covered="0"/><counter type="LINE" missed="2" covered="0"/><counter type="COMPLEXITY" missed="1" covered="0"/><counter type="METHOD" missed="1" covered="0"/></method><method name="getEnd" desc="()I" line="86"><counter type="INSTRUCTION" missed="3" covered="0"/><counter type="LINE" missed="1" covered="0"/><counter type="COMPLEXITY" missed="1" covered="0"/><counter type="METHOD" missed="1" covered="0"/></method><method name="setEnd" desc="(I)V" line="90"><counter type="INSTRUCTION" missed="4" covered="0"/><counter type="LINE" missed="2" covered="0"/><counter type="COMPLEXITY" missed="1" covered="0"/><counter type="METHOD" missed="1" covered="0"/></method><method name="getReference" desc="()Ljava/lang/String;" line="94"><counter type="INSTRUCTION" missed="3" covered="0"/><counter type="LINE" missed="1" covered="0"/><counter type="COMPLEXITY" missed="1" covered="0"/><counter type="METHOD" missed="1" covered="0"/></method><method name="setReference" desc="(Ljava/lang/String;)V" line="98"><counter type="INSTRUCTION" missed="4" covered="0"/><counter type="LINE" missed="2" covered="0"/><counter type="COMPLEXITY" missed="1" covered="0"/><counter type="METHOD" missed="1" covered="0"/></method><method name="getAlternate" desc="()Ljava/lang/String;" line="102"><counter type="INSTRUCTION" missed="3" covered="0"/><counter type="LINE" missed="1" covered="0"/><counter type="COMPLEXITY" missed="1" covered="0"/><counter type="METHOD" missed="1" covered="0"/></method><method name="setAlternate" desc="(Ljava/lang/String;)V" line="106"><counter type="INSTRUCTION" missed="4" covered="0"/><counter type="LINE" missed="2" covered="0"/><counter type="COMPLEXITY" missed="1" covered="0"/><counter type="METHOD" missed="1" covered="0"/></method><method name="addClinvar" desc="(Lorg/opencb/cellbase/core/common/clinical/ClinvarPublicSet;)V" line="110"><counter type="INSTRUCTION" missed="14" covered="0"/><counter type="BRANCH" missed="2" covered="0"/><counter type="LINE" missed="4" covered="0"/><counter type="COMPLEXITY" missed="2" covered="0"/><counter type="METHOD" missed="1" covered="0"/></method><method name="addCosmic" desc="(Lorg/opencb/cellbase/core/common/clinical/Cosmic;)V" line="117"><counter type="INSTRUCTION" missed="14" covered="0"/><counter type="BRANCH" missed="2" covered="0"/><counter type="LINE" missed="4" covered="0"/><counter type="COMPLEXITY" missed="2" covered="0"/><counter type="METHOD" missed="1" covered="0"/></method><method name="addGwas" desc="(Lorg/opencb/cellbase/core/common/clinical/gwas/Gwas;)V" line="124"><counter type="INSTRUCTION" missed="14" covered="0"/><counter type="BRANCH" missed="2" covered="0"/><counter type="LINE" missed="4" covered="0"/><counter type="COMPLEXITY" missed="2" covered="0"/><counter type="METHOD" missed="1" covered="0"/></method><method name="getClinvarList" desc="()Ljava/util/List;" line="131"><counter type="INSTRUCTION" missed="3" covered="0"/><counter type="LINE" missed="1" covered="0"/><counter type="COMPLEXITY" missed="1" covered="0"/><counter type="METHOD" missed="1" covered="0"/></method><method name="setClinvarList" desc="(Ljava/util/List;)V" line="135"><counter type="INSTRUCTION" missed="4" covered="0"/><counter type="LINE" missed="2" covered="0"/><counter type="COMPLEXITY" missed="1" covered="0"/><counter type="METHOD" missed="1" covered="0"/></method><method name="getCosmicList" desc="()Ljava/util/List;" line="139"><counter type="INSTRUCTION" missed="3" covered="0"/><counter type="LINE" missed="1" covered="0"/><counter type="COMPLEXITY" missed="1" covered="0"/><counter type="METHOD" missed="1" covered="0"/></method><method name="setCosmicList" desc="(Ljava/util/List;)V" line="143"><counter type="INSTRUCTION" missed="4" covered="0"/><counter type="LINE" missed="2" covered="0"/><counter type="COMPLEXITY" missed="1" covered="0"/><counter type="METHOD" missed="1" covered="0"/></method><method name="getGwasList" desc="()Ljava/util/List;" line="147"><counter type="INSTRUCTION" missed="3" covered="0"/><counter type="LINE" missed="1" covered="0"/><counter type="COMPLEXITY" missed="1" covered="0"/><counter type="METHOD" missed="1" covered="0"/></method><method name="setGwasList" desc="(Ljava/util/List;)V" line="151"><counter type="INSTRUCTION" missed="4" covered="0"/><counter type="LINE" missed="2" covered="0"/><counter type="COMPLEXITY" missed="1" covered="0"/><counter type="METHOD" missed="1" covered="0"/></method><method name="getVariantString" desc="()Ljava/lang/String;" line="155"><counter type="INSTRUCTION" missed="28" covered="0"/><counter type="LINE" missed="1" covered="0"/><counter type="COMPLEXITY" missed="1" covered="0"/><counter type="METHOD" missed="1" covered="0"/></method><counter type="INSTRUCTION" missed="192" covered="0"/><counter type="BRANCH" missed="6" covered="0"/><counter type="LINE" missed="53" covered="0"/><counter type="COMPLEXITY" missed="27" covered="0"/><counter type="METHOD" missed="24" covered="0"/><counter type="CLASS" missed="1" covered="0"/></class><sourcefile name="ClinicalVariation.java"><line nr="45" mi="2" ci="0" mb="0" cb="0"/><line nr="46" mi="3" ci="0" mb="0" cb="0"/><line nr="47" mi="3" ci="0" mb="0" cb="0"/><line nr="48" mi="3" ci="0" mb="0" cb="0"/><line nr="49" mi="3" ci="0" mb="0" cb="0"/><line nr="50" mi="3" ci="0" mb="0" cb="0"/><line nr="51" mi="1" ci="0" mb="0" cb="0"/><line nr="54" mi="12" ci="0" mb="0" cb="0"/><line nr="55" mi="3" ci="0" mb="0" cb="0"/><line nr="56" mi="1" ci="0" mb="0" cb="0"/><line nr="59" mi="12" ci="0" mb="0" cb="0"/><line nr="60" mi="3" ci="0" mb="0" cb="0"/><line nr="61" mi="1" ci="0" mb="0" cb="0"/><line nr="64" mi="12" ci="0" mb="0" cb="0"/><line nr="65" mi="3" ci="0" mb="0" cb="0"/><line nr="66" mi="1" ci="0" mb="0" cb="0"/><line nr="70" mi="3" ci="0" mb="0" cb="0"/><line nr="74" mi="3" ci="0" mb="0" cb="0"/><line nr="75" mi="1" ci="0" mb="0" cb="0"/><line nr="78" mi="3" ci="0" mb="0" cb="0"/><line nr="82" mi="3" ci="0" mb="0" cb="0"/><line nr="83" mi="1" ci="0" mb="0" cb="0"/><line nr="86" mi="3" ci="0" mb="0" cb="0"/><line nr="90" mi="3" ci="0" mb="0" cb="0"/><line nr="91" mi="1" ci="0" mb="0" cb="0"/><line nr="94" mi="3" ci="0" mb="0" cb="0"/><line nr="98" mi="3" ci="0" mb="0" cb="0"/><line nr="99" mi="1" ci="0" mb="0" cb="0"/><line nr="102" mi="3" ci="0" mb="0" cb="0"/><line nr="106" mi="3" ci="0" mb="0" cb="0"/><line nr="107" mi="1" ci="0" mb="0" cb="0"/><line nr="110" mi="3" ci="0" mb="2" cb="0"/><line nr="111" mi="5" ci="0" mb="0" cb="0"/><line nr="113" mi="5" ci="0" mb="0" cb="0"/><line nr="114" mi="1" ci="0" mb="0" cb="0"/><line nr="117" mi="3" ci="0" mb="2" cb="0"/><line nr="118" mi="5" ci="0" mb="0" cb="0"/><line nr="120" mi="5" ci="0" mb="0" cb="0"/><line nr="121" mi="1" ci="0" mb="0" cb="0"/><line nr="124" mi="3" ci="0" mb="2" cb="0"/><line nr="125" mi="5" ci="0" mb="0" cb="0"/><line nr="127" mi="5" ci="0" mb="0" cb="0"/><line nr="128" mi="1" ci="0" mb="0" cb="0"/><line nr="131" mi="3" ci="0" mb="0" cb="0"/><line nr="135" mi="3" ci="0" mb="0" cb="0"/><line nr="136" mi="1" ci="0" mb="0" cb="0"/><line nr="139" mi="3" ci="0" mb="0" cb="0"/><line nr="143" mi="3" ci="0" mb="0" cb="0"/><line nr="144" mi="1" ci="0" mb="0" cb="0"/><line nr="147" mi="3" ci="0" mb="0" cb="0"/><line nr="151" mi="3" ci="0" mb="0" cb="0"/><line nr="152" mi="1" ci="0" mb="0" cb="0"/><line nr="155" mi="28" ci="0" mb="0" cb="0"/><counter type="INSTRUCTION" missed="192" covered="0"/><counter type="BRANCH" missed="6" covered="0"/><counter type="LINE" missed="53" covered="0"/><counter type="COMPLEXITY" missed="27" covered="0"/><counter type="METHOD" missed="24" covered="0"/><counter type="CLASS" missed="1" covered="0"/></sourcefile><counter type="INSTRUCTION" missed="192" covered="0"/><counter type="BRANCH" missed="6" covered="0"/><counter type="LINE" missed="53" covered="0"/><counter type="COMPLEXITY" missed="27" covered="0"/><counter type="METHOD" missed="24" covered="0"/><counter type="CLASS" missed="1" covered="0"/></package><package name="org/opencb/cellbase/lib"><class name="org/opencb/cellbase/lib/MongoDBCollectionConfiguration"><method name="&lt;init&gt;" desc="()V" line="22"><counter type="INSTRUCTION" missed="3" covered="0"/><counter type="LINE" missed="1" covered="0"/><counter type="COMPLEXITY" missed="1" covered="0"/><counter type="METHOD" missed="1" covered="0"/></method><counter type="INSTRUCTION" missed="3" covered="0"/><counter type="LINE" missed="1" covered="0"/><counter type="COMPLEXITY" missed="1" covered="0"/><counter type="METHOD" missed="1" covered="0"/><counter type="CLASS" missed="1" covered="0"/></class><class name="org/opencb/cellbase/lib/VariantMongoIterator"><method name="&lt;init&gt;" desc="(Ljava/util/Iterator;)V" line="18"><counter type="INSTRUCTION" missed="6" covered="0"/><counter type="LINE" missed="3" covered="0"/><counter type="COMPLEXITY" missed="1" covered="0"/><counter type="METHOD" missed="1" covered="0"/></method><method name="hasNext" desc="()Z" line="25"><counter type="INSTRUCTION" missed="4" covered="0"/><counter type="LINE" missed="1" covered="0"/><counter type="COMPLEXITY" missed="1" covered="0"/><counter type="METHOD" missed="1" covered="0"/></method><method name="next" desc="()Lorg/opencb/biodata/models/variant/Variant;" line="30"><counter type="INSTRUCTION" missed="13" covered="0"/><counter type="LINE" missed="3" covered="0"/><counter type="COMPLEXITY" missed="1" covered="0"/><counter type="METHOD" missed="1" covered="0"/></method><method name="remove" desc="()V" line="38"><counter type="INSTRUCTION" missed="5" covered="0"/><counter type="LINE" missed="1" covered="0"/><counter type="COMPLEXITY" missed="1" covered="0"/><counter type="METHOD" missed="1" covered="0"/></method><method name="forEachRemaining" desc="(Ljava/util/function/Consumer;)V" line="43"><counter type="INSTRUCTION" missed="5" covered="0"/><counter type="LINE" missed="1" covered="0"/><counter type="COMPLEXITY" missed="1" covered="0"/><counter type="METHOD" missed="1" covered="0"/></method><method name="&lt;clinit&gt;" desc="()V" line="16"><counter type="INSTRUCTION" missed="5" covered="0"/><counter type="LINE" missed="1" covered="0"/><counter type="COMPLEXITY" missed="1" covered="0"/><counter type="METHOD" missed="1" covered="0"/></method><counter type="INSTRUCTION" missed="38" covered="0"/><counter type="LINE" missed="10" covered="0"/><counter type="COMPLEXITY" missed="6" covered="0"/><counter type="METHOD" missed="6" covered="0"/><counter type="CLASS" missed="1" covered="0"/></class><sourcefile name="VariantMongoIterator.java"><line nr="16" mi="5" ci="0" mb="0" cb="0"/><line nr="18" mi="2" ci="0" mb="0" cb="0"/><line nr="19" mi="3" ci="0" mb="0" cb="0"/><line nr="20" mi="1" ci="0" mb="0" cb="0"/><line nr="25" mi="4" ci="0" mb="0" cb="0"/><line nr="30" mi="5" ci="0" mb="0" cb="0"/><line nr="31" mi="6" ci="0" mb="0" cb="0"/><line nr="33" mi="2" ci="0" mb="0" cb="0"/><line nr="38" mi="5" ci="0" mb="0" cb="0"/><line nr="43" mi="5" ci="0" mb="0" cb="0"/><counter type="INSTRUCTION" missed="38" covered="0"/><counter type="LINE" missed="10" covered="0"/><counter type="COMPLEXITY" missed="6" covered="0"/><counter type="METHOD" missed="6" covered="0"/><counter type="CLASS" missed="1" covered="0"/></sourcefile><sourcefile name="MongoDBCollectionConfiguration.java"><line nr="22" mi="3" ci="0" mb="0" cb="0"/><counter type="INSTRUCTION" missed="3" covered="0"/><counter type="LINE" missed="1" covered="0"/><counter type="COMPLEXITY" missed="1" covered="0"/><counter type="METHOD" missed="1" covered="0"/><counter type="CLASS" missed="1" covered="0"/></sourcefile><counter type="INSTRUCTION" missed="41" covered="0"/><counter type="LINE" missed="11" covered="0"/><counter type="COMPLEXITY" missed="7" covered="0"/><counter type="METHOD" missed="7" covered="0"/><counter type="CLASS" missed="2" covered="0"/></package><package name="org/opencb/cellbase/lib/loader/converters"><class name="org/opencb/cellbase/lib/loader/converters/MongoDBTypeConverter"><method name="&lt;init&gt;" desc="()V" line="32"><counter type="INSTRUCTION" missed="18" covered="0"/><counter type="LINE" missed="5" covered="0"/><counter type="COMPLEXITY" missed="1" covered="0"/><counter type="METHOD" missed="1" covered="0"/></method><counter type="INSTRUCTION" missed="18" covered="0"/><counter type="LINE" missed="5" covered="0"/><counter type="COMPLEXITY" missed="1" covered="0"/><counter type="METHOD" missed="1" covered="0"/><counter type="CLASS" missed="1" covered="0"/></class><class name="org/opencb/cellbase/lib/loader/converters/VariationConverter"><method name="&lt;init&gt;" desc="()V" line="39"><counter type="INSTRUCTION" missed="4" covered="0"/><counter type="LINE" missed="2" covered="0"/><counter type="COMPLEXITY" missed="1" covered="0"/><counter type="METHOD" missed="1" covered="0"/></method><method name="&lt;init&gt;" desc="(I)V" line="44"><counter type="INSTRUCTION" missed="19" covered="0"/><counter type="LINE" missed="4" covered="0"/><counter type="COMPLEXITY" missed="1" covered="0"/><counter type="METHOD" missed="1" covered="0"/></method><method name="convertToStorageSchema" desc="(Lorg/opencb/biodata/models/variation/Variation;)Lorg/bson/Document;" line="52"><counter type="INSTRUCTION" missed="67" covered="0"/><counter type="BRANCH" missed="2" covered="0"/><counter type="LINE" missed="12" covered="0"/><counter type="COMPLEXITY" missed="2" covered="0"/><counter type="METHOD" missed="1" covered="0"/></method><method name="convertToDataModel" desc="(Lorg/bson/Document;)Lorg/opencb/biodata/models/variation/Variation;" line="74"><counter type="INSTRUCTION" missed="2" covered="0"/><counter type="LINE" missed="1" covered="0"/><counter type="COMPLEXITY" missed="1" covered="0"/><counter type="METHOD" missed="1" covered="0"/></method><counter type="INSTRUCTION" missed="92" covered="0"/><counter type="BRANCH" missed="2" covered="0"/><counter type="LINE" missed="19" covered="0"/><counter type="COMPLEXITY" missed="5" covered="0"/><counter type="METHOD" missed="4" covered="0"/><counter type="CLASS" missed="1" covered="0"/></class><class name="org/opencb/cellbase/lib/loader/converters/GeneConverter"><method name="&lt;init&gt;" desc="()V" line="39"><counter type="INSTRUCTION" missed="4" covered="0"/><counter type="LINE" missed="2" covered="0"/><counter type="COMPLEXITY" missed="1" covered="0"/><counter type="METHOD" missed="1" covered="0"/></method><method name="&lt;init&gt;" desc="(I)V" line="44"><counter type="INSTRUCTION" missed="19" covered="0"/><counter type="LINE" missed="4" covered="0"/><counter type="COMPLEXITY" missed="1" covered="0"/><counter type="METHOD" missed="1" covered="0"/></method><method name="convertToStorageSchema" desc="(Lorg/opencb/biodata/models/core/Gene;)Lorg/bson/Document;" line="52"><counter type="INSTRUCTION" missed="71" covered="0"/><counter type="BRANCH" missed="2" covered="0"/><counter type="LINE" missed="12" covered="0"/><counter type="COMPLEXITY" missed="2" covered="0"/><counter type="METHOD" missed="1" covered="0"/></method><method name="convertToDataModel" desc="(Lorg/bson/Document;)Lorg/opencb/biodata/models/core/Gene;" line="75"><counter type="INSTRUCTION" missed="2" covered="0"/><counter type="LINE" missed="1" covered="0"/><counter type="COMPLEXITY" missed="1" covered="0"/><counter type="METHOD" missed="1" covered="0"/></method><counter type="INSTRUCTION" missed="96" covered="0"/><counter type="BRANCH" missed="2" covered="0"/><counter type="LINE" missed="19" covered="0"/><counter type="COMPLEXITY" missed="5" covered="0"/><counter type="METHOD" missed="4" covered="0"/><counter type="CLASS" missed="1" covered="0"/></class><sourcefile name="VariationConverter.java"><line nr="39" mi="3" ci="0" mb="0" cb="0"/><line nr="40" mi="1" ci="0" mb="0" cb="0"/><line nr="44" mi="2" ci="0" mb="0" cb="0"/><line nr="46" mi="3" ci="0" mb="0" cb="0"/><line nr="47" mi="13" ci="0" mb="0" cb="0"/><line nr="48" mi="1" ci="0" mb="0" cb="0"/><line nr="52" mi="2" ci="0" mb="0" cb="0"/><line nr="54" mi="7" ci="0" mb="0" cb="0"/><line nr="56" mi="6" ci="0" mb="0" cb="0"/><line nr="57" mi="6" ci="0" mb="0" cb="0"/><line nr="59" mi="9" ci="0" mb="0" cb="0"/><line nr="60" mi="7" ci="0" mb="2" cb="0"/><line nr="61" mi="19" ci="0" mb="0" cb="0"/><line nr="64" mi="5" ci="0" mb="0" cb="0"/><line nr="65" mi="1" ci="0" mb="0" cb="0"/><line nr="66" mi="2" ci="0" mb="0" cb="0"/><line nr="67" mi="1" ci="0" mb="0" cb="0"/><line nr="69" mi="2" ci="0" mb="0" cb="0"/><line nr="74" mi="2" ci="0" mb="0" cb="0"/><counter type="INSTRUCTION" missed="92" covered="0"/><counter type="BRANCH" missed="2" covered="0"/><counter type="LINE" missed="19" covered="0"/><counter type="COMPLEXITY" missed="5" covered="0"/><counter type="METHOD" missed="4" covered="0"/><counter type="CLASS" missed="1" covered="0"/></sourcefile><sourcefile name="MongoDBTypeConverter.java"><line nr="32" mi="2" ci="0" mb="0" cb="0"/><line nr="33" mi="5" ci="0" mb="0" cb="0"/><line nr="34" mi="5" ci="0" mb="0" cb="0"/><line nr="35" mi="5" ci="0" mb="0" cb="0"/><line nr="36" mi="1" ci="0" mb="0" cb="0"/><counter type="INSTRUCTION" missed="18" covered="0"/><counter type="LINE" missed="5" covered="0"/><counter type="COMPLEXITY" missed="1" covered="0"/><counter type="METHOD" missed="1" covered="0"/><counter type="CLASS" missed="1" covered="0"/></sourcefile><sourcefile name="GeneConverter.java"><line nr="39" mi="3" ci="0" mb="0" cb="0"/><line nr="40" mi="1" ci="0" mb="0" cb="0"/><line nr="44" mi="2" ci="0" mb="0" cb="0"/><line nr="46" mi="3" ci="0" mb="0" cb="0"/><line nr="47" mi="13" ci="0" mb="0" cb="0"/><line nr="48" mi="1" ci="0" mb="0" cb="0"/><line nr="52" mi="2" ci="0" mb="0" cb="0"/><line nr="54" mi="7" ci="0" mb="0" cb="0"/><line nr="56" mi="8" ci="0" mb="0" cb="0"/><line nr="57" mi="8" ci="0" mb="0" cb="0"/><line nr="59" mi="9" ci="0" mb="0" cb="0"/><line nr="60" mi="7" ci="0" mb="2" cb="0"/><line nr="61" mi="19" ci="0" mb="0" cb="0"/><line nr="64" mi="5" ci="0" mb="0" cb="0"/><line nr="65" mi="1" ci="0" mb="0" cb="0"/><line nr="66" mi="2" ci="0" mb="0" cb="0"/><line nr="67" mi="1" ci="0" mb="0" cb="0"/><line nr="69" mi="2" ci="0" mb="0" cb="0"/><line nr="75" mi="2" ci="0" mb="0" cb="0"/><counter type="INSTRUCTION" missed="96" covered="0"/><counter type="BRANCH" missed="2" covered="0"/><counter type="LINE" missed="19" covered="0"/><counter type="COMPLEXITY" missed="5" covered="0"/><counter type="METHOD" missed="4" covered="0"/><counter type="CLASS" missed="1" covered="0"/></sourcefile><counter type="INSTRUCTION" missed="206" covered="0"/><counter type="BRANCH" missed="4" covered="0"/><counter type="LINE" missed="43" covered="0"/><counter type="COMPLEXITY" missed="11" covered="0"/><counter type="METHOD" missed="9" covered="0"/><counter type="CLASS" missed="3" covered="0"/></package><counter type="INSTRUCTION" missed="9061" covered="5151"/><counter type="BRANCH" missed="889" covered="346"/><counter type="LINE" missed="1699" covered="903"/><counter type="COMPLEXITY" missed="892" covered="224"/><counter type="METHOD" missed="327" covered="111"/><counter type="CLASS" missed="9" covered="15"/></report>